<?xml version="1.0" encoding="UTF-8"?>
<coverage generated="1708848201311" clover="3.2.0">
  <project timestamp="1708848201311" name="All files">
    <metrics statements="297" coveredstatements="270" conditionals="214" coveredconditionals="174" methods="58" coveredmethods="48" elements="569" coveredelements="492" complexity="0" loc="297" ncloc="297" packages="7" files="21" classes="21"/>
    <package name="src">
      <metrics statements="10" coveredstatements="10" conditionals="0" coveredconditionals="0" methods="1" coveredmethods="1"/>
      <file name="App.tsx" path="C:\Users\mouni\OneDrive\Documents\GitHub\SOEN390-MiniCap\frontend\src\App.tsx">
        <metrics statements="10" coveredstatements="10" conditionals="0" coveredconditionals="0" methods="1" coveredmethods="1"/>
        <line num="2" count="1" type="stmt"/>
        <line num="3" count="1" type="stmt"/>
        <line num="4" count="1" type="stmt"/>
        <line num="5" count="1" type="stmt"/>
        <line num="6" count="1" type="stmt"/>
        <line num="7" count="1" type="stmt"/>
        <line num="8" count="1" type="stmt"/>
        <line num="9" count="1" type="stmt"/>
        <line num="12" count="5" type="stmt"/>
        <line num="28" count="1" type="stmt"/>
      </file>
    </package>
    <package name="src.Components">
      <metrics statements="24" coveredstatements="24" conditionals="12" coveredconditionals="10" methods="5" coveredmethods="4"/>
      <file name="NavBar.tsx" path="C:\Users\mouni\OneDrive\Documents\GitHub\SOEN390-MiniCap\frontend\src\Components\NavBar.tsx">
        <metrics statements="24" coveredstatements="24" conditionals="12" coveredconditionals="10" methods="5" coveredmethods="4"/>
        <line num="1" count="2" type="stmt"/>
        <line num="2" count="2" type="stmt"/>
        <line num="3" count="2" type="stmt"/>
        <line num="4" count="2" type="stmt"/>
        <line num="5" count="2" type="stmt"/>
        <line num="6" count="2" type="stmt"/>
        <line num="7" count="2" type="stmt"/>
        <line num="9" count="2" type="stmt"/>
        <line num="10" count="20" type="stmt"/>
        <line num="11" count="20" type="stmt"/>
        <line num="12" count="20" type="stmt"/>
        <line num="13" count="20" type="stmt"/>
        <line num="14" count="20" type="stmt"/>
        <line num="15" count="20" type="cond" truecount="2" falsecount="0"/>
        <line num="17" count="20" type="stmt"/>
        <line num="19" count="3" type="stmt"/>
        <line num="22" count="20" type="stmt"/>
        <line num="24" count="1" type="stmt"/>
        <line num="27" count="20" type="stmt"/>
        <line num="29" count="1" type="stmt"/>
        <line num="30" count="1" type="stmt"/>
        <line num="31" count="1" type="stmt"/>
        <line num="34" count="20" type="stmt"/>
        <line num="92" count="2" type="stmt"/>
      </file>
    </package>
    <package name="src.Components.Authentication">
      <metrics statements="96" coveredstatements="90" conditionals="153" coveredconditionals="127" methods="12" coveredmethods="12"/>
      <file name="EmployeeRegistration.tsx" path="C:\Users\mouni\OneDrive\Documents\GitHub\SOEN390-MiniCap\frontend\src\Components\Authentication\EmployeeRegistration.tsx">
        <metrics statements="28" coveredstatements="28" conditionals="57" coveredconditionals="41" methods="4" coveredmethods="4"/>
        <line num="3" count="2" type="stmt"/>
        <line num="4" count="2" type="stmt"/>
        <line num="5" count="2" type="stmt"/>
        <line num="6" count="2" type="stmt"/>
        <line num="7" count="2" type="stmt"/>
        <line num="8" count="2" type="stmt"/>
        <line num="9" count="2" type="stmt"/>
        <line num="10" count="2" type="stmt"/>
        <line num="11" count="2" type="stmt"/>
        <line num="12" count="44" type="stmt"/>
        <line num="13" count="44" type="stmt"/>
        <line num="14" count="44" type="stmt"/>
        <line num="16" count="44" type="stmt"/>
        <line num="19" count="4" type="stmt"/>
        <line num="20" count="4" type="stmt"/>
        <line num="21" count="4" type="stmt"/>
        <line num="23" count="4" type="stmt"/>
        <line num="25" count="4" type="stmt"/>
        <line num="26" count="3" type="stmt"/>
        <line num="27" count="3" type="stmt"/>
        <line num="29" count="1" type="stmt"/>
        <line num="30" count="1" type="cond" truecount="3" falsecount="1"/>
        <line num="31" count="1" type="stmt"/>
        <line num="38" count="4" type="stmt"/>
        <line num="43" count="44" type="stmt"/>
        <line num="44" count="4" type="stmt"/>
        <line num="47" count="44" type="stmt"/>
        <line num="227" count="2" type="stmt"/>
      </file>
      <file name="LogIn.tsx" path="C:\Users\mouni\OneDrive\Documents\GitHub\SOEN390-MiniCap\frontend\src\Components\Authentication\LogIn.tsx">
        <metrics statements="26" coveredstatements="26" conditionals="24" coveredconditionals="22" methods="3" coveredmethods="3"/>
        <line num="2" count="2" type="stmt"/>
        <line num="3" count="2" type="stmt"/>
        <line num="5" count="2" type="stmt"/>
        <line num="6" count="2" type="stmt"/>
        <line num="7" count="2" type="stmt"/>
        <line num="8" count="2" type="stmt"/>
        <line num="9" count="2" type="stmt"/>
        <line num="10" count="2" type="stmt"/>
        <line num="17" count="2" type="stmt"/>
        <line num="18" count="24" type="stmt"/>
        <line num="21" count="23" type="stmt"/>
        <line num="22" count="23" type="stmt"/>
        <line num="24" count="23" type="stmt"/>
        <line num="27" count="2" type="stmt"/>
        <line num="29" count="2" type="stmt"/>
        <line num="30" count="2" type="stmt"/>
        <line num="39" count="1" type="stmt"/>
        <line num="44" count="1" type="stmt"/>
        <line num="45" count="1" type="stmt"/>
        <line num="46" count="1" type="stmt"/>
        <line num="49" count="1" type="stmt"/>
        <line num="50" count="1" type="cond" truecount="3" falsecount="1"/>
        <line num="51" count="1" type="stmt"/>
        <line num="56" count="2" type="stmt"/>
        <line num="61" count="23" type="stmt"/>
        <line num="133" count="2" type="stmt"/>
      </file>
      <file name="LogOut.tsx" path="C:\Users\mouni\OneDrive\Documents\GitHub\SOEN390-MiniCap\frontend\src\Components\Authentication\LogOut.tsx">
        <metrics statements="6" coveredstatements="6" conditionals="0" coveredconditionals="0" methods="1" coveredmethods="1"/>
        <line num="2" count="3" type="stmt"/>
        <line num="9" count="3" type="stmt"/>
        <line num="10" count="5" type="stmt"/>
        <line num="11" count="5" type="stmt"/>
        <line num="13" count="5" type="stmt"/>
        <line num="27" count="3" type="stmt"/>
      </file>
      <file name="SignUp.tsx" path="C:\Users\mouni\OneDrive\Documents\GitHub\SOEN390-MiniCap\frontend\src\Components\Authentication\SignUp.tsx">
        <metrics statements="36" coveredstatements="30" conditionals="72" coveredconditionals="64" methods="4" coveredmethods="4"/>
        <line num="1" count="2" type="stmt"/>
        <line num="2" count="2" type="stmt"/>
        <line num="4" count="2" type="stmt"/>
        <line num="5" count="2" type="stmt"/>
        <line num="6" count="2" type="stmt"/>
        <line num="7" count="2" type="stmt"/>
        <line num="8" count="2" type="stmt"/>
        <line num="9" count="2" type="stmt"/>
        <line num="10" count="2" type="stmt"/>
        <line num="23" count="2" type="stmt"/>
        <line num="24" count="34" type="stmt"/>
        <line num="25" count="33" type="stmt"/>
        <line num="28" count="33" type="stmt"/>
        <line num="29" count="33" type="stmt"/>
        <line num="31" count="33" type="stmt"/>
        <line num="34" count="2" type="stmt"/>
        <line num="36" count="2" type="stmt"/>
        <line num="39" count="2" type="stmt"/>
        <line num="57" count="2" type="cond" truecount="2" falsecount="0"/>
        <line num="60" count="2" type="stmt"/>
        <line num="62" count="2" type="stmt"/>
        <line num="67" count="2" type="stmt"/>
        <line num="69" count="2" type="stmt"/>
        <line num="71" count="0" type="stmt"/>
        <line num="72" count="0" type="stmt"/>
        <line num="74" count="2" type="stmt"/>
        <line num="75" count="2" type="stmt"/>
        <line num="76" count="2" type="cond" truecount="1" falsecount="2"/>
        <line num="77" count="0" type="cond" truecount="0" falsecount="2"/>
        <line num="78" count="0" type="stmt"/>
        <line num="81" count="0" type="cond" truecount="0" falsecount="1"/>
        <line num="82" count="0" type="stmt"/>
        <line num="88" count="2" type="stmt"/>
        <line num="92" count="33" type="stmt"/>
        <line num="103" count="2" type="stmt"/>
        <line num="296" count="2" type="stmt"/>
      </file>
    </package>
    <package name="src.Components.Common">
      <metrics statements="16" coveredstatements="16" conditionals="1" coveredconditionals="1" methods="2" coveredmethods="2"/>
      <file name="AuthUtil.tsx" path="C:\Users\mouni\OneDrive\Documents\GitHub\SOEN390-MiniCap\frontend\src\Components\Common\AuthUtil.tsx">
        <metrics statements="6" coveredstatements="6" conditionals="1" coveredconditionals="1" methods="1" coveredmethods="1"/>
        <line num="1" count="2" type="stmt"/>
        <line num="2" count="12" type="stmt"/>
        <line num="3" count="12" type="cond" truecount="1" falsecount="0"/>
        <line num="4" count="2" type="stmt"/>
        <line num="6" count="2" type="stmt"/>
        <line num="8" count="10" type="stmt"/>
      </file>
      <file name="InitialValues.ts" path="C:\Users\mouni\OneDrive\Documents\GitHub\SOEN390-MiniCap\frontend\src\Components\Common\InitialValues.ts">
        <metrics statements="2" coveredstatements="2" conditionals="0" coveredconditionals="0" methods="0" coveredmethods="0"/>
        <line num="1" count="4" type="stmt"/>
        <line num="11" count="4" type="stmt"/>
      </file>
      <file name="LoadingScreen.tsx" path="C:\Users\mouni\OneDrive\Documents\GitHub\SOEN390-MiniCap\frontend\src\Components\Common\LoadingScreen.tsx">
        <metrics statements="5" coveredstatements="5" conditionals="0" coveredconditionals="0" methods="1" coveredmethods="1"/>
        <line num="2" count="5" type="stmt"/>
        <line num="3" count="5" type="stmt"/>
        <line num="4" count="5" type="stmt"/>
        <line num="5" count="1" type="stmt"/>
        <line num="12" count="5" type="stmt"/>
      </file>
      <file name="ValidationSchema.ts" path="C:\Users\mouni\OneDrive\Documents\GitHub\SOEN390-MiniCap\frontend\src\Components\Common\ValidationSchema.ts">
        <metrics statements="3" coveredstatements="3" conditionals="0" coveredconditionals="0" methods="0" coveredmethods="0"/>
        <line num="1" count="4" type="stmt"/>
        <line num="3" count="4" type="stmt"/>
        <line num="26" count="4" type="stmt"/>
      </file>
    </package>
    <package name="src.Components.CondoProfile">
      <metrics statements="35" coveredstatements="34" conditionals="6" coveredconditionals="6" methods="8" coveredmethods="7"/>
      <file name="CondoInfoField.tsx" path="C:\Users\mouni\OneDrive\Documents\GitHub\SOEN390-MiniCap\frontend\src\Components\CondoProfile\CondoInfoField.tsx">
        <metrics statements="9" coveredstatements="9" conditionals="2" coveredconditionals="2" methods="1" coveredmethods="1"/>
        <line num="2" count="3" type="stmt"/>
        <line num="12" count="3" type="stmt"/>
        <line num="13" count="198" type="stmt"/>
        <line num="14" count="198" type="stmt"/>
        <line num="15" count="198" type="stmt"/>
        <line num="16" count="198" type="stmt"/>
        <line num="17" count="198" type="stmt"/>
        <line num="19" count="198" type="stmt"/>
        <line num="42" count="3" type="stmt"/>
      </file>
      <file name="CondoInfoForm.tsx" path="C:\Users\mouni\OneDrive\Documents\GitHub\SOEN390-MiniCap\frontend\src\Components\CondoProfile\CondoInfoForm.tsx">
        <metrics statements="26" coveredstatements="25" conditionals="4" coveredconditionals="4" methods="7" coveredmethods="6"/>
        <line num="1" count="2" type="stmt"/>
        <line num="2" count="2" type="stmt"/>
        <line num="3" count="2" type="stmt"/>
        <line num="4" count="2" type="stmt"/>
        <line num="30" count="30" type="stmt"/>
        <line num="31" count="28" type="stmt"/>
        <line num="32" count="28" type="stmt"/>
        <line num="33" count="28" type="stmt"/>
        <line num="36" count="28" type="stmt"/>
        <line num="37" count="20" type="stmt"/>
        <line num="38" count="20" type="stmt"/>
        <line num="42" count="28" type="stmt"/>
        <line num="43" count="1" type="stmt"/>
        <line num="44" count="1" type="stmt"/>
        <line num="45" count="1" type="stmt"/>
        <line num="49" count="28" type="stmt"/>
        <line num="50" count="0" type="stmt"/>
        <line num="54" count="28" type="stmt"/>
        <line num="55" count="2" type="stmt"/>
        <line num="56" count="2" type="stmt"/>
        <line num="60" count="28" type="stmt"/>
        <line num="61" count="1" type="stmt"/>
        <line num="62" count="1" type="stmt"/>
        <line num="66" count="28" type="stmt"/>
        <line num="70" count="196" type="stmt"/>
        <line num="113" count="2" type="stmt"/>
      </file>
    </package>
    <package name="src.Components.UserProfile">
      <metrics statements="76" coveredstatements="58" conditionals="41" coveredconditionals="29" methods="23" coveredmethods="15"/>
      <file name="UserInformation.tsx" path="C:\Users\mouni\OneDrive\Documents\GitHub\SOEN390-MiniCap\frontend\src\Components\UserProfile\UserInformation.tsx">
        <metrics statements="56" coveredstatements="38" conditionals="37" coveredconditionals="25" methods="18" coveredmethods="10"/>
        <line num="1" count="2" type="stmt"/>
        <line num="2" count="2" type="stmt"/>
        <line num="3" count="2" type="stmt"/>
        <line num="4" count="2" type="stmt"/>
        <line num="22" count="21" type="stmt"/>
        <line num="23" count="21" type="stmt"/>
        <line num="25" count="21" type="stmt"/>
        <line num="26" count="21" type="stmt"/>
        <line num="27" count="21" type="stmt"/>
        <line num="28" count="21" type="stmt"/>
        <line num="29" count="21" type="stmt"/>
        <line num="33" count="21" type="stmt"/>
        <line num="34" count="7" type="stmt"/>
        <line num="36" count="7" type="stmt"/>
        <line num="40" count="21" type="stmt"/>
        <line num="42" count="7" type="stmt"/>
        <line num="45" count="7" type="stmt"/>
        <line num="46" count="3" type="cond" truecount="2" falsecount="1"/>
        <line num="47" count="0" type="stmt"/>
        <line num="50" count="4" type="stmt"/>
        <line num="54" count="21" type="stmt"/>
        <line num="55" count="0" type="stmt"/>
        <line num="56" count="0" type="cond" truecount="0" falsecount="4"/>
        <line num="59" count="23" type="stmt"/>
        <line num="61" count="4" type="stmt"/>
        <line num="67" count="2" type="stmt"/>
        <line num="68" count="2" type="stmt"/>
        <line num="69" count="4" type="cond" truecount="1" falsecount="0"/>
        <line num="70" count="0" type="stmt"/>
        <line num="71" count="0" type="stmt"/>
        <line num="72" count="0" type="stmt"/>
        <line num="77" count="2" type="stmt"/>
        <line num="79" count="0" type="stmt"/>
        <line num="80" count="0" type="stmt"/>
        <line num="82" count="2" type="stmt"/>
        <line num="86" count="21" type="stmt"/>
        <line num="87" count="1" type="stmt"/>
        <line num="88" count="1" type="stmt"/>
        <line num="89" count="1" type="stmt"/>
        <line num="92" count="21" type="stmt"/>
        <line num="93" count="3" type="stmt"/>
        <line num="99" count="21" type="stmt"/>
        <line num="102" count="0" type="cond" truecount="0" falsecount="4"/>
        <line num="103" count="0" type="cond" truecount="0" falsecount="1"/>
        <line num="104" count="0" type="stmt"/>
        <line num="110" count="0" type="stmt"/>
        <line num="111" count="0" type="stmt"/>
        <line num="115" count="21" type="stmt"/>
        <line num="158" count="3" type="stmt"/>
        <line num="175" count="0" type="stmt"/>
        <line num="192" count="0" type="stmt"/>
        <line num="209" count="0" type="stmt"/>
        <line num="226" count="0" type="stmt"/>
        <line num="243" count="0" type="stmt"/>
        <line num="265" count="5" type="stmt"/>
        <line num="274" count="2" type="stmt"/>
      </file>
      <file name="UserProperties.tsx" path="C:\Users\mouni\OneDrive\Documents\GitHub\SOEN390-MiniCap\frontend\src\Components\UserProfile\UserProperties.tsx">
        <metrics statements="13" coveredstatements="13" conditionals="4" coveredconditionals="4" methods="4" coveredmethods="4"/>
        <line num="1" count="2" type="stmt"/>
        <line num="2" count="2" type="stmt"/>
        <line num="3" count="2" type="stmt"/>
        <line num="13" count="2" type="stmt"/>
        <line num="14" count="7" type="stmt"/>
        <line num="16" count="7" type="stmt"/>
        <line num="24" count="7" type="stmt"/>
        <line num="25" count="7" type="stmt"/>
        <line num="27" count="7" type="stmt"/>
        <line num="28" count="2" type="stmt"/>
        <line num="32" count="7" type="stmt"/>
        <line num="36" count="7" type="stmt"/>
        <line num="67" count="2" type="stmt"/>
      </file>
      <file name="UserRequests.tsx" path="C:\Users\mouni\OneDrive\Documents\GitHub\SOEN390-MiniCap\frontend\src\Components\UserProfile\UserRequests.tsx">
        <metrics statements="7" coveredstatements="7" conditionals="0" coveredconditionals="0" methods="1" coveredmethods="1"/>
        <line num="1" count="2" type="stmt"/>
        <line num="2" count="2" type="stmt"/>
        <line num="9" count="2" type="stmt"/>
        <line num="11" count="2" type="stmt"/>
        <line num="15" count="2" type="stmt"/>
        <line num="17" count="2" type="stmt"/>
        <line num="26" count="2" type="stmt"/>
      </file>
    </package>
    <package name="src.Pages">
      <metrics statements="40" coveredstatements="38" conditionals="1" coveredconditionals="1" methods="7" coveredmethods="7"/>
      <file name="CondoProfileLandingPage.tsx" path="C:\Users\mouni\OneDrive\Documents\GitHub\SOEN390-MiniCap\frontend\src\Pages\CondoProfileLandingPage.tsx">
        <metrics statements="10" coveredstatements="10" conditionals="0" coveredconditionals="0" methods="2" coveredmethods="2"/>
        <line num="2" count="1" type="stmt"/>
        <line num="3" count="1" type="stmt"/>
        <line num="4" count="1" type="stmt"/>
        <line num="7" count="1" type="stmt"/>
        <line num="18" count="1" type="stmt"/>
        <line num="20" count="4" type="stmt"/>
        <line num="23" count="3" type="stmt"/>
        <line num="24" count="1" type="stmt"/>
        <line num="29" count="3" type="stmt"/>
        <line num="36" count="1" type="stmt"/>
      </file>
      <file name="EmployeeRegistrationLandingPage.tsx" path="C:\Users\mouni\OneDrive\Documents\GitHub\SOEN390-MiniCap\frontend\src\Pages\EmployeeRegistrationLandingPage.tsx">
        <metrics statements="4" coveredstatements="4" conditionals="0" coveredconditionals="0" methods="1" coveredmethods="1"/>
        <line num="2" count="2" type="stmt"/>
        <line num="3" count="2" type="stmt"/>
        <line num="4" count="1" type="stmt"/>
        <line num="11" count="2" type="stmt"/>
      </file>
      <file name="Hero.tsx" path="C:\Users\mouni\OneDrive\Documents\GitHub\SOEN390-MiniCap\frontend\src\Pages\Hero.tsx">
        <metrics statements="4" coveredstatements="4" conditionals="0" coveredconditionals="0" methods="1" coveredmethods="1"/>
        <line num="1" count="2" type="stmt"/>
        <line num="3" count="2" type="stmt"/>
        <line num="4" count="3" type="stmt"/>
        <line num="29" count="2" type="stmt"/>
      </file>
      <file name="LogInLandingPage.tsx" path="C:\Users\mouni\OneDrive\Documents\GitHub\SOEN390-MiniCap\frontend\src\Pages\LogInLandingPage.tsx">
        <metrics statements="5" coveredstatements="5" conditionals="0" coveredconditionals="0" methods="1" coveredmethods="1"/>
        <line num="2" count="1" type="stmt"/>
        <line num="3" count="1" type="stmt"/>
        <line num="5" count="1" type="stmt"/>
        <line num="6" count="3" type="stmt"/>
        <line num="25" count="1" type="stmt"/>
      </file>
      <file name="RegistrationLandingPage.tsx" path="C:\Users\mouni\OneDrive\Documents\GitHub\SOEN390-MiniCap\frontend\src\Pages\RegistrationLandingPage.tsx">
        <metrics statements="5" coveredstatements="5" conditionals="0" coveredconditionals="0" methods="1" coveredmethods="1"/>
        <line num="2" count="1" type="stmt"/>
        <line num="3" count="1" type="stmt"/>
        <line num="5" count="1" type="stmt"/>
        <line num="6" count="2" type="stmt"/>
        <line num="28" count="1" type="stmt"/>
      </file>
      <file name="UserProfileLandingPage.tsx" path="C:\Users\mouni\OneDrive\Documents\GitHub\SOEN390-MiniCap\frontend\src\Pages\UserProfileLandingPage.tsx">
        <metrics statements="12" coveredstatements="10" conditionals="1" coveredconditionals="1" methods="1" coveredmethods="1"/>
        <line num="2" count="1" type="stmt"/>
        <line num="3" count="1" type="stmt"/>
        <line num="4" count="1" type="stmt"/>
        <line num="5" count="1" type="stmt"/>
        <line num="6" count="1" type="stmt"/>
        <line num="8" count="1" type="stmt"/>
        <line num="10" count="1" type="stmt"/>
        <line num="12" count="1" type="cond" truecount="1" falsecount="0"/>
        <line num="14" count="1" type="stmt"/>
        <line num="18" count="0" type="stmt"/>
        <line num="20" count="0" type="stmt"/>
        <line num="40" count="1" type="stmt"/>
      </file>
    </package>
  </project>
</coverage>
