{"C:\\Users\\mouni\\OneDrive\\Documents\\GitHub\\SOEN390-MiniCap\\frontend\\src\\App.tsx": {"path":"C:\\Users\\mouni\\OneDrive\\Documents\\GitHub\\SOEN390-MiniCap\\frontend\\src\\App.tsx","statementMap":{"0":{"start":{"line":2,"column":0},"end":{"line":2,"column":49}},"1":{"start":{"line":3,"column":0},"end":{"line":3,"column":26}},"2":{"start":{"line":4,"column":0},"end":{"line":4,"column":70}},"3":{"start":{"line":5,"column":0},"end":{"line":5,"column":56}},"4":{"start":{"line":6,"column":0},"end":{"line":6,"column":68}},"5":{"start":{"line":7,"column":0},"end":{"line":7,"column":86}},"6":{"start":{"line":8,"column":0},"end":{"line":8,"column":32}},"7":{"start":{"line":9,"column":0},"end":{"line":9,"column":41}},"8":{"start":{"line":12,"column":2},"end":{"line":25,"column":4}},"9":{"start":{"line":28,"column":0},"end":{"line":28,"column":19}}},"fnMap":{"0":{"name":"App","decl":{"start":{"line":11,"column":9},"end":{"line":11,"column":12}},"loc":{"start":{"line":11,"column":12},"end":{"line":26,"column":1}}}},"branchMap":{},"s":{"0":1,"1":1,"2":1,"3":1,"4":1,"5":1,"6":1,"7":1,"8":5,"9":1},"f":{"0":5},"b":{}}
,"C:\\Users\\mouni\\OneDrive\\Documents\\GitHub\\SOEN390-MiniCap\\frontend\\src\\Components\\NavBar.tsx": {"path":"C:\\Users\\mouni\\OneDrive\\Documents\\GitHub\\SOEN390-MiniCap\\frontend\\src\\Components\\NavBar.tsx","statementMap":{"0":{"start":{"line":1,"column":0},"end":{"line":1,"column":40}},"1":{"start":{"line":2,"column":0},"end":{"line":2,"column":49}},"2":{"start":{"line":3,"column":0},"end":{"line":3,"column":40}},"3":{"start":{"line":4,"column":0},"end":{"line":4,"column":41}},"4":{"start":{"line":5,"column":0},"end":{"line":5,"column":64}},"5":{"start":{"line":6,"column":0},"end":{"line":6,"column":50}},"6":{"start":{"line":7,"column":0},"end":{"line":7,"column":47}},"7":{"start":{"line":9,"column":15},"end":{"line":90,"column":1}},"8":{"start":{"line":10,"column":28},"end":{"line":10,"column":43}},"9":{"start":{"line":10,"column":14},"end":{"line":10,"column":16}},"10":{"start":{"line":10,"column":24},"end":{"line":10,"column":28}},"11":{"start":{"line":11,"column":48},"end":{"line":11,"column":63}},"12":{"start":{"line":11,"column":24},"end":{"line":11,"column":26}},"13":{"start":{"line":11,"column":44},"end":{"line":11,"column":48}},"14":{"start":{"line":12,"column":22},"end":{"line":12,"column":36}},"15":{"start":{"line":12,"column":28},"end":{"line":12,"column":45}},"16":{"start":{"line":13,"column":30},"end":{"line":13,"column":47}},"17":{"start":{"line":14,"column":19},"end":{"line":14,"column":32}},"18":{"start":{"line":15,"column":15},"end":{"line":15,"column":67}},"19":{"start":{"line":17,"column":23},"end":{"line":20,"column":3}},"20":{"start":{"line":19,"column":4},"end":{"line":19,"column":29}},"21":{"start":{"line":22,"column":29},"end":{"line":25,"column":3}},"22":{"start":{"line":24,"column":4},"end":{"line":24,"column":30}},"23":{"start":{"line":27,"column":30},"end":{"line":32,"column":3}},"24":{"start":{"line":29,"column":4},"end":{"line":29,"column":40}},"25":{"start":{"line":30,"column":4},"end":{"line":30,"column":30}},"26":{"start":{"line":31,"column":4},"end":{"line":31,"column":23}},"27":{"start":{"line":34,"column":2},"end":{"line":89,"column":4}},"28":{"start":{"line":92,"column":0},"end":{"line":92,"column":22}}},"fnMap":{"0":{"name":"(anonymous_1)","decl":{"start":{"line":9,"column":15},"end":{"line":9,"column":null}},"loc":{"start":{"line":9,"column":15},"end":{"line":90,"column":1}}},"1":{"name":"(anonymous_2)","decl":{"start":{"line":12,"column":22},"end":{"line":12,"column":28}},"loc":{"start":{"line":12,"column":22},"end":{"line":12,"column":36}}},"2":{"name":"(anonymous_3)","decl":{"start":{"line":17,"column":23},"end":{"line":17,"column":null}},"loc":{"start":{"line":17,"column":23},"end":{"line":20,"column":3}}},"3":{"name":"(anonymous_4)","decl":{"start":{"line":22,"column":29},"end":{"line":22,"column":null}},"loc":{"start":{"line":22,"column":29},"end":{"line":25,"column":3}}},"4":{"name":"(anonymous_5)","decl":{"start":{"line":27,"column":30},"end":{"line":27,"column":null}},"loc":{"start":{"line":27,"column":30},"end":{"line":32,"column":3}}}},"branchMap":{"0":{"loc":{"start":{"line":15,"column":26},"end":{"line":15,"column":66}},"type":"binary-expr","locations":[{"start":{"line":15,"column":26},"end":{"line":15,"column":58}},{"start":{"line":15,"column":62},"end":{"line":15,"column":66}}]},"1":{"loc":{"start":{"line":44,"column":21},"end":{"line":44,"column":59}},"type":"cond-expr","locations":[{"start":{"line":44,"column":29},"end":{"line":44,"column":46}},{"start":{"line":44,"column":49},"end":{"line":44,"column":59}}]},"2":{"loc":{"start":{"line":49,"column":9},"end":{"line":68,"column":null}},"type":"cond-expr","locations":[{"start":{"line":50,"column":10},"end":{"line":58,"column":null}},{"start":{"line":61,"column":10},"end":{"line":67,"column":null}}]},"3":{"loc":{"start":{"line":54,"column":13},"end":{"line":57,"column":null}},"type":"binary-expr","locations":[{"start":{"line":54,"column":13},"end":{"line":54,"column":34}},{"start":{"line":55,"column":14},"end":{"line":56,"column":null}}]},"4":{"loc":{"start":{"line":76,"column":9},"end":{"line":79,"column":null}},"type":"cond-expr","locations":[{"start":{"line":77,"column":10},"end":{"line":77,"column":60}},{"start":{"line":79,"column":10},"end":{"line":79,"column":59}}]},"5":{"loc":{"start":{"line":82,"column":7},"end":{"line":86,"column":null}},"type":"binary-expr","locations":[{"start":{"line":82,"column":7},"end":{"line":82,"column":22}},{"start":{"line":83,"column":8},"end":{"line":85,"column":null}}]}},"s":{"0":2,"1":2,"2":2,"3":2,"4":2,"5":2,"6":2,"7":2,"8":20,"9":20,"10":20,"11":20,"12":20,"13":20,"14":20,"15":0,"16":20,"17":20,"18":20,"19":20,"20":3,"21":20,"22":1,"23":20,"24":1,"25":1,"26":1,"27":20,"28":2},"f":{"0":20,"1":0,"2":3,"3":1,"4":1},"b":{"0":[20,10],"1":[0,20],"2":[10,10],"3":[10,9],"4":[0,20],"5":[20,3]}}
,"C:\\Users\\mouni\\OneDrive\\Documents\\GitHub\\SOEN390-MiniCap\\frontend\\src\\Components\\Authentication\\EmployeeRegistration.tsx": {"path":"C:\\Users\\mouni\\OneDrive\\Documents\\GitHub\\SOEN390-MiniCap\\frontend\\src\\Components\\Authentication\\EmployeeRegistration.tsx","statementMap":{"0":{"start":{"line":3,"column":0},"end":{"line":3,"column":40}},"1":{"start":{"line":4,"column":0},"end":{"line":4,"column":35}},"2":{"start":{"line":5,"column":0},"end":{"line":5,"column":26}},"3":{"start":{"line":6,"column":0},"end":{"line":6,"column":71}},"4":{"start":{"line":7,"column":0},"end":{"line":7,"column":71}},"5":{"start":{"line":8,"column":0},"end":{"line":8,"column":62}},"6":{"start":{"line":9,"column":0},"end":{"line":9,"column":68}},"7":{"start":{"line":10,"column":0},"end":{"line":10,"column":52}},"8":{"start":{"line":11,"column":29},"end":{"line":225,"column":1}},"9":{"start":{"line":12,"column":42},"end":{"line":12,"column":61}},"10":{"start":{"line":12,"column":21},"end":{"line":12,"column":23}},"11":{"start":{"line":12,"column":38},"end":{"line":12,"column":42}},"12":{"start":{"line":13,"column":44},"end":{"line":13,"column":73}},"13":{"start":{"line":13,"column":22},"end":{"line":13,"column":24}},"14":{"start":{"line":13,"column":40},"end":{"line":13,"column":44}},"15":{"start":{"line":14,"column":36},"end":{"line":14,"column":51}},"16":{"start":{"line":14,"column":18},"end":{"line":14,"column":20}},"17":{"start":{"line":14,"column":32},"end":{"line":14,"column":36}},"18":{"start":{"line":16,"column":17},"end":{"line":41,"column":4}},"19":{"start":{"line":19,"column":27},"end":{"line":40,"column":null}},"20":{"start":{"line":20,"column":6},"end":{"line":20,"column":25}},"21":{"start":{"line":21,"column":6},"end":{"line":21,"column":33}},"22":{"start":{"line":23,"column":14},"end":{"line":24,"column":62}},"23":{"start":{"line":25,"column":25},"end":{"line":25,"column":null}},"24":{"start":{"line":25,"column":14},"end":{"line":25,"column":null}},"25":{"start":{"line":26,"column":8},"end":{"line":26,"column":72}},"26":{"start":{"line":27,"column":8},"end":{"line":27,"column":56}},"27":{"start":{"line":29,"column":8},"end":{"line":29,"column":70}},"28":{"start":{"line":30,"column":8},"end":{"line":36,"column":9}},"29":{"start":{"line":31,"column":10},"end":{"line":33,"column":12}},"30":{"start":{"line":38,"column":8},"end":{"line":38,"column":28}},"31":{"start":{"line":43,"column":27},"end":{"line":45,"column":3}},"32":{"start":{"line":44,"column":4},"end":{"line":44,"column":40}},"33":{"start":{"line":47,"column":2},"end":{"line":224,"column":4}},"34":{"start":{"line":227,"column":0},"end":{"line":227,"column":36}}},"fnMap":{"0":{"name":"(anonymous_16)","decl":{"start":{"line":11,"column":29},"end":{"line":11,"column":null}},"loc":{"start":{"line":11,"column":29},"end":{"line":225,"column":1}}},"1":{"name":"(anonymous_17)","decl":{"start":{"line":19,"column":14},"end":{"line":19,"column":21}},"loc":{"start":{"line":19,"column":27},"end":{"line":40,"column":null}}},"2":{"name":"(anonymous_18)","decl":{"start":{"line":19,"column":27},"end":{"line":19,"column":null}},"loc":{"start":{"line":19,"column":27},"end":{"line":40,"column":null}}},"3":{"name":"(anonymous_20)","decl":{"start":{"line":43,"column":27},"end":{"line":43,"column":28}},"loc":{"start":{"line":43,"column":38},"end":{"line":45,"column":3}}}},"branchMap":{"0":{"loc":{"start":{"line":30,"column":8},"end":{"line":36,"column":9}},"type":"if","locations":[{"start":{"line":30,"column":8},"end":{"line":36,"column":9}},{"start":{"line":34,"column":15},"end":{"line":36,"column":9}}]},"1":{"loc":{"start":{"line":30,"column":12},"end":{"line":30,"column":59}},"type":"binary-expr","locations":[{"start":{"line":30,"column":12},"end":{"line":30,"column":26}},{"start":{"line":30,"column":30},"end":{"line":30,"column":59}}]},"2":{"loc":{"start":{"line":66,"column":14},"end":{"line":68,"column":20}},"type":"cond-expr","locations":[{"start":{"line":67,"column":18},"end":{"line":67,"column":38}},{"start":{"line":68,"column":18},"end":{"line":68,"column":20}}]},"3":{"loc":{"start":{"line":66,"column":14},"end":{"line":66,"column":71}},"type":"binary-expr","locations":[{"start":{"line":66,"column":14},"end":{"line":66,"column":41}},{"start":{"line":66,"column":45},"end":{"line":66,"column":71}}]},"4":{"loc":{"start":{"line":81,"column":13},"end":{"line":82,"column":null}},"type":"binary-expr","locations":[{"start":{"line":81,"column":13},"end":{"line":81,"column":40}},{"start":{"line":81,"column":44},"end":{"line":81,"column":70}},{"start":{"line":82,"column":14},"end":{"line":82,"column":71}}]},"5":{"loc":{"start":{"line":88,"column":14},"end":{"line":90,"column":20}},"type":"cond-expr","locations":[{"start":{"line":89,"column":18},"end":{"line":89,"column":38}},{"start":{"line":90,"column":18},"end":{"line":90,"column":20}}]},"6":{"loc":{"start":{"line":88,"column":14},"end":{"line":88,"column":67}},"type":"binary-expr","locations":[{"start":{"line":88,"column":14},"end":{"line":88,"column":39}},{"start":{"line":88,"column":43},"end":{"line":88,"column":67}}]},"7":{"loc":{"start":{"line":103,"column":13},"end":{"line":104,"column":null}},"type":"binary-expr","locations":[{"start":{"line":103,"column":13},"end":{"line":103,"column":38}},{"start":{"line":103,"column":42},"end":{"line":103,"column":66}},{"start":{"line":104,"column":14},"end":{"line":104,"column":69}}]},"8":{"loc":{"start":{"line":109,"column":14},"end":{"line":111,"column":20}},"type":"cond-expr","locations":[{"start":{"line":110,"column":18},"end":{"line":110,"column":38}},{"start":{"line":111,"column":18},"end":{"line":111,"column":20}}]},"9":{"loc":{"start":{"line":109,"column":14},"end":{"line":109,"column":65}},"type":"binary-expr","locations":[{"start":{"line":109,"column":14},"end":{"line":109,"column":38}},{"start":{"line":109,"column":42},"end":{"line":109,"column":65}}]},"10":{"loc":{"start":{"line":124,"column":13},"end":{"line":125,"column":null}},"type":"binary-expr","locations":[{"start":{"line":124,"column":13},"end":{"line":124,"column":37}},{"start":{"line":124,"column":41},"end":{"line":124,"column":64}},{"start":{"line":125,"column":14},"end":{"line":125,"column":68}}]},"11":{"loc":{"start":{"line":130,"column":14},"end":{"line":132,"column":20}},"type":"cond-expr","locations":[{"start":{"line":131,"column":18},"end":{"line":131,"column":38}},{"start":{"line":132,"column":18},"end":{"line":132,"column":20}}]},"12":{"loc":{"start":{"line":130,"column":14},"end":{"line":130,"column":63}},"type":"binary-expr","locations":[{"start":{"line":130,"column":14},"end":{"line":130,"column":37}},{"start":{"line":130,"column":41},"end":{"line":130,"column":63}}]},"13":{"loc":{"start":{"line":145,"column":13},"end":{"line":146,"column":null}},"type":"binary-expr","locations":[{"start":{"line":145,"column":13},"end":{"line":145,"column":36}},{"start":{"line":145,"column":40},"end":{"line":145,"column":62}},{"start":{"line":146,"column":14},"end":{"line":146,"column":67}}]},"14":{"loc":{"start":{"line":151,"column":14},"end":{"line":153,"column":20}},"type":"cond-expr","locations":[{"start":{"line":152,"column":18},"end":{"line":152,"column":38}},{"start":{"line":153,"column":18},"end":{"line":153,"column":20}}]},"15":{"loc":{"start":{"line":151,"column":14},"end":{"line":151,"column":57}},"type":"binary-expr","locations":[{"start":{"line":151,"column":14},"end":{"line":151,"column":34}},{"start":{"line":151,"column":38},"end":{"line":151,"column":57}}]},"16":{"loc":{"start":{"line":166,"column":13},"end":{"line":167,"column":null}},"type":"binary-expr","locations":[{"start":{"line":166,"column":13},"end":{"line":166,"column":33}},{"start":{"line":166,"column":37},"end":{"line":166,"column":56}},{"start":{"line":167,"column":14},"end":{"line":167,"column":64}}]},"17":{"loc":{"start":{"line":172,"column":14},"end":{"line":174,"column":20}},"type":"cond-expr","locations":[{"start":{"line":173,"column":18},"end":{"line":173,"column":38}},{"start":{"line":174,"column":18},"end":{"line":174,"column":20}}]},"18":{"loc":{"start":{"line":172,"column":14},"end":{"line":172,"column":71}},"type":"binary-expr","locations":[{"start":{"line":172,"column":14},"end":{"line":172,"column":41}},{"start":{"line":172,"column":45},"end":{"line":172,"column":71}}]},"19":{"loc":{"start":{"line":187,"column":13},"end":{"line":188,"column":null}},"type":"binary-expr","locations":[{"start":{"line":187,"column":13},"end":{"line":187,"column":40}},{"start":{"line":187,"column":44},"end":{"line":187,"column":70}},{"start":{"line":188,"column":14},"end":{"line":188,"column":71}}]},"20":{"loc":{"start":{"line":193,"column":14},"end":{"line":195,"column":20}},"type":"cond-expr","locations":[{"start":{"line":194,"column":18},"end":{"line":194,"column":38}},{"start":{"line":195,"column":18},"end":{"line":195,"column":20}}]},"21":{"loc":{"start":{"line":193,"column":14},"end":{"line":193,"column":63}},"type":"binary-expr","locations":[{"start":{"line":193,"column":14},"end":{"line":193,"column":37}},{"start":{"line":193,"column":41},"end":{"line":193,"column":63}}]},"22":{"loc":{"start":{"line":208,"column":13},"end":{"line":209,"column":null}},"type":"binary-expr","locations":[{"start":{"line":208,"column":13},"end":{"line":208,"column":36}},{"start":{"line":208,"column":40},"end":{"line":208,"column":62}},{"start":{"line":209,"column":14},"end":{"line":209,"column":67}}]},"23":{"loc":{"start":{"line":212,"column":11},"end":{"line":212,"column":41}},"type":"binary-expr","locations":[{"start":{"line":212,"column":11},"end":{"line":212,"column":20}},{"start":{"line":212,"column":24},"end":{"line":212,"column":41}}]},"24":{"loc":{"start":{"line":213,"column":11},"end":{"line":216,"column":null}},"type":"cond-expr","locations":[{"start":{"line":214,"column":12},"end":{"line":214,"column":58}},{"start":{"line":216,"column":12},"end":{"line":216,"column":56}}]}},"s":{"0":2,"1":2,"2":2,"3":2,"4":2,"5":2,"6":2,"7":2,"8":2,"9":44,"10":44,"11":44,"12":44,"13":44,"14":44,"15":44,"16":44,"17":44,"18":44,"19":4,"20":4,"21":4,"22":4,"23":4,"24":4,"25":3,"26":3,"27":1,"28":1,"29":1,"30":4,"31":44,"32":4,"33":44,"34":2},"f":{"0":44,"1":4,"2":4,"3":4},"b":{"0":[1,0],"1":[1,1],"2":[0,44],"3":[44,8],"4":[44,8,0],"5":[0,44],"6":[44,8],"7":[44,8,0],"8":[0,44],"9":[44,8],"10":[44,8,0],"11":[0,44],"12":[44,8],"13":[44,8,0],"14":[0,44],"15":[44,8],"16":[44,8,0],"17":[0,44],"18":[44,8],"19":[44,8,0],"20":[0,44],"21":[44,8],"22":[44,8,0],"23":[44,0],"24":[3,41]}}
,"C:\\Users\\mouni\\OneDrive\\Documents\\GitHub\\SOEN390-MiniCap\\frontend\\src\\Components\\Authentication\\LogIn.tsx": {"path":"C:\\Users\\mouni\\OneDrive\\Documents\\GitHub\\SOEN390-MiniCap\\frontend\\src\\Components\\Authentication\\LogIn.tsx","statementMap":{"0":{"start":{"line":2,"column":0},"end":{"line":2,"column":40}},"1":{"start":{"line":3,"column":0},"end":{"line":3,"column":35}},"2":{"start":{"line":5,"column":0},"end":{"line":5,"column":71}},"3":{"start":{"line":6,"column":0},"end":{"line":6,"column":26}},"4":{"start":{"line":7,"column":0},"end":{"line":7,"column":52}},"5":{"start":{"line":8,"column":0},"end":{"line":8,"column":53}},"6":{"start":{"line":9,"column":0},"end":{"line":9,"column":61}},"7":{"start":{"line":10,"column":0},"end":{"line":10,"column":67}},"8":{"start":{"line":17,"column":24},"end":{"line":131,"column":1}},"9":{"start":{"line":18,"column":52},"end":{"line":19,"column":null}},"10":{"start":{"line":18,"column":26},"end":{"line":18,"column":28}},"11":{"start":{"line":18,"column":48},"end":{"line":18,"column":52}},"12":{"start":{"line":21,"column":36},"end":{"line":21,"column":51}},"13":{"start":{"line":21,"column":18},"end":{"line":21,"column":20}},"14":{"start":{"line":21,"column":32},"end":{"line":21,"column":36}},"15":{"start":{"line":22,"column":19},"end":{"line":22,"column":32}},"16":{"start":{"line":24,"column":17},"end":{"line":59,"column":4}},"17":{"start":{"line":27,"column":27},"end":{"line":58,"column":null}},"18":{"start":{"line":29,"column":8},"end":{"line":29,"column":27}},"19":{"start":{"line":30,"column":25},"end":{"line":38,"column":null}},"20":{"start":{"line":30,"column":14},"end":{"line":38,"column":null}},"21":{"start":{"line":39,"column":14},"end":{"line":42,"column":10}},"22":{"start":{"line":44,"column":8},"end":{"line":44,"column":67}},"23":{"start":{"line":45,"column":8},"end":{"line":45,"column":35}},"24":{"start":{"line":46,"column":8},"end":{"line":46,"column":22}},"25":{"start":{"line":49,"column":8},"end":{"line":49,"column":68}},"26":{"start":{"line":50,"column":8},"end":{"line":54,"column":9}},"27":{"start":{"line":51,"column":10},"end":{"line":51,"column":67}},"28":{"start":{"line":56,"column":8},"end":{"line":56,"column":28}},"29":{"start":{"line":61,"column":2},"end":{"line":130,"column":4}},"30":{"start":{"line":133,"column":0},"end":{"line":133,"column":21}}},"fnMap":{"0":{"name":"(anonymous_16)","decl":{"start":{"line":17,"column":24},"end":{"line":17,"column":null}},"loc":{"start":{"line":17,"column":24},"end":{"line":131,"column":1}}},"1":{"name":"(anonymous_17)","decl":{"start":{"line":27,"column":14},"end":{"line":27,"column":21}},"loc":{"start":{"line":27,"column":27},"end":{"line":58,"column":null}}},"2":{"name":"(anonymous_18)","decl":{"start":{"line":27,"column":27},"end":{"line":27,"column":null}},"loc":{"start":{"line":27,"column":27},"end":{"line":58,"column":null}}}},"branchMap":{"0":{"loc":{"start":{"line":50,"column":8},"end":{"line":54,"column":9}},"type":"if","locations":[{"start":{"line":50,"column":8},"end":{"line":54,"column":9}},{"start":{"line":52,"column":15},"end":{"line":54,"column":9}}]},"1":{"loc":{"start":{"line":50,"column":12},"end":{"line":50,"column":59}},"type":"binary-expr","locations":[{"start":{"line":50,"column":12},"end":{"line":50,"column":26}},{"start":{"line":50,"column":30},"end":{"line":50,"column":59}}]},"2":{"loc":{"start":{"line":69,"column":12},"end":{"line":71,"column":18}},"type":"cond-expr","locations":[{"start":{"line":70,"column":16},"end":{"line":70,"column":36}},{"start":{"line":71,"column":16},"end":{"line":71,"column":18}}]},"3":{"loc":{"start":{"line":69,"column":12},"end":{"line":69,"column":55}},"type":"binary-expr","locations":[{"start":{"line":69,"column":12},"end":{"line":69,"column":32}},{"start":{"line":69,"column":36},"end":{"line":69,"column":55}}]},"4":{"loc":{"start":{"line":85,"column":9},"end":{"line":88,"column":null}},"type":"cond-expr","locations":[{"start":{"line":86,"column":10},"end":{"line":86,"column":60}},{"start":{"line":88,"column":10},"end":{"line":88,"column":51}}]},"5":{"loc":{"start":{"line":85,"column":9},"end":{"line":85,"column":52}},"type":"binary-expr","locations":[{"start":{"line":85,"column":9},"end":{"line":85,"column":29}},{"start":{"line":85,"column":33},"end":{"line":85,"column":52}}]},"6":{"loc":{"start":{"line":93,"column":12},"end":{"line":95,"column":18}},"type":"cond-expr","locations":[{"start":{"line":94,"column":16},"end":{"line":94,"column":36}},{"start":{"line":95,"column":16},"end":{"line":95,"column":18}}]},"7":{"loc":{"start":{"line":93,"column":12},"end":{"line":93,"column":61}},"type":"binary-expr","locations":[{"start":{"line":93,"column":12},"end":{"line":93,"column":35}},{"start":{"line":93,"column":39},"end":{"line":93,"column":61}}]},"8":{"loc":{"start":{"line":109,"column":9},"end":{"line":112,"column":null}},"type":"cond-expr","locations":[{"start":{"line":110,"column":10},"end":{"line":110,"column":63}},{"start":{"line":112,"column":10},"end":{"line":112,"column":51}}]},"9":{"loc":{"start":{"line":109,"column":9},"end":{"line":109,"column":58}},"type":"binary-expr","locations":[{"start":{"line":109,"column":9},"end":{"line":109,"column":32}},{"start":{"line":109,"column":36},"end":{"line":109,"column":58}}]},"10":{"loc":{"start":{"line":115,"column":7},"end":{"line":115,"column":37}},"type":"binary-expr","locations":[{"start":{"line":115,"column":7},"end":{"line":115,"column":16}},{"start":{"line":115,"column":20},"end":{"line":115,"column":37}}]},"11":{"loc":{"start":{"line":117,"column":7},"end":{"line":117,"column":76}},"type":"binary-expr","locations":[{"start":{"line":117,"column":7},"end":{"line":117,"column":24}},{"start":{"line":117,"column":28},"end":{"line":117,"column":76}}]}},"s":{"0":2,"1":2,"2":2,"3":2,"4":2,"5":2,"6":2,"7":2,"8":2,"9":24,"10":23,"11":23,"12":23,"13":23,"14":23,"15":23,"16":23,"17":2,"18":2,"19":2,"20":2,"21":1,"22":1,"23":1,"24":1,"25":1,"26":1,"27":1,"28":2,"29":23,"30":2},"f":{"0":24,"1":2,"2":2},"b":{"0":[1,0],"1":[1,1],"2":[1,22],"3":[23,5],"4":[1,22],"5":[23,5],"6":[1,22],"7":[23,5],"8":[1,22],"9":[23,5],"10":[23,0],"11":[23,1]}}
,"C:\\Users\\mouni\\OneDrive\\Documents\\GitHub\\SOEN390-MiniCap\\frontend\\src\\Components\\Authentication\\LogOut.tsx": {"path":"C:\\Users\\mouni\\OneDrive\\Documents\\GitHub\\SOEN390-MiniCap\\frontend\\src\\Components\\Authentication\\LogOut.tsx","statementMap":{"0":{"start":{"line":2,"column":0},"end":{"line":2,"column":57}},"1":{"start":{"line":9,"column":72},"end":{"line":25,"column":1}},"2":{"start":{"line":10,"column":10},"end":{"line":10,"column":null}},"3":{"start":{"line":11,"column":11},"end":{"line":11,"column":null}},"4":{"start":{"line":13,"column":2},"end":{"line":24,"column":4}},"5":{"start":{"line":27,"column":0},"end":{"line":27,"column":39}}},"fnMap":{"0":{"name":"(anonymous_0)","decl":{"start":{"line":9,"column":72},"end":{"line":9,"column":73}},"loc":{"start":{"line":12,"column":1},"end":{"line":25,"column":1}}}},"branchMap":{},"s":{"0":3,"1":3,"2":5,"3":5,"4":5,"5":3},"f":{"0":5},"b":{}}
,"C:\\Users\\mouni\\OneDrive\\Documents\\GitHub\\SOEN390-MiniCap\\frontend\\src\\Components\\Authentication\\SignUp.tsx": {"path":"C:\\Users\\mouni\\OneDrive\\Documents\\GitHub\\SOEN390-MiniCap\\frontend\\src\\Components\\Authentication\\SignUp.tsx","statementMap":{"0":{"start":{"line":1,"column":0},"end":{"line":1,"column":40}},"1":{"start":{"line":2,"column":0},"end":{"line":2,"column":35}},"2":{"start":{"line":4,"column":0},"end":{"line":4,"column":71}},"3":{"start":{"line":5,"column":0},"end":{"line":5,"column":57}},"4":{"start":{"line":6,"column":0},"end":{"line":6,"column":26}},"5":{"start":{"line":7,"column":0},"end":{"line":7,"column":53}},"6":{"start":{"line":8,"column":0},"end":{"line":8,"column":52}},"7":{"start":{"line":9,"column":0},"end":{"line":9,"column":62}},"8":{"start":{"line":10,"column":0},"end":{"line":10,"column":68}},"9":{"start":{"line":23,"column":25},"end":{"line":294,"column":1}},"10":{"start":{"line":24,"column":34},"end":{"line":24,"column":56}},"11":{"start":{"line":24,"column":17},"end":{"line":24,"column":19}},"12":{"start":{"line":24,"column":30},"end":{"line":24,"column":34}},"13":{"start":{"line":25,"column":52},"end":{"line":26,"column":null}},"14":{"start":{"line":25,"column":26},"end":{"line":25,"column":28}},"15":{"start":{"line":25,"column":48},"end":{"line":25,"column":52}},"16":{"start":{"line":28,"column":36},"end":{"line":28,"column":51}},"17":{"start":{"line":28,"column":18},"end":{"line":28,"column":20}},"18":{"start":{"line":28,"column":32},"end":{"line":28,"column":36}},"19":{"start":{"line":29,"column":19},"end":{"line":29,"column":32}},"20":{"start":{"line":31,"column":17},"end":{"line":91,"column":4}},"21":{"start":{"line":34,"column":27},"end":{"line":90,"column":null}},"22":{"start":{"line":36,"column":8},"end":{"line":36,"column":27}},"23":{"start":{"line":39,"column":14},"end":{"line":55,"column":10}},"24":{"start":{"line":57,"column":8},"end":{"line":59,"column":64}},"25":{"start":{"line":60,"column":8},"end":{"line":60,"column":36}},"26":{"start":{"line":62,"column":14},"end":{"line":65,"column":69}},"27":{"start":{"line":67,"column":25},"end":{"line":67,"column":null}},"28":{"start":{"line":67,"column":14},"end":{"line":67,"column":null}},"29":{"start":{"line":69,"column":8},"end":{"line":69,"column":63}},"30":{"start":{"line":71,"column":8},"end":{"line":71,"column":35}},"31":{"start":{"line":72,"column":8},"end":{"line":72,"column":27}},"32":{"start":{"line":74,"column":8},"end":{"line":74,"column":61}},"33":{"start":{"line":75,"column":8},"end":{"line":75,"column":54}},"34":{"start":{"line":76,"column":8},"end":{"line":86,"column":9}},"35":{"start":{"line":77,"column":10},"end":{"line":85,"column":11}},"36":{"start":{"line":78,"column":12},"end":{"line":80,"column":14}},"37":{"start":{"line":81,"column":17},"end":{"line":85,"column":11}},"38":{"start":{"line":82,"column":12},"end":{"line":84,"column":14}},"39":{"start":{"line":88,"column":8},"end":{"line":88,"column":28}},"40":{"start":{"line":92,"column":2},"end":{"line":293,"column":4}},"41":{"start":{"line":103,"column":14},"end":{"line":103,"column":42}},"42":{"start":{"line":296,"column":0},"end":{"line":296,"column":22}}},"fnMap":{"0":{"name":"(anonymous_14)","decl":{"start":{"line":23,"column":25},"end":{"line":23,"column":null}},"loc":{"start":{"line":23,"column":25},"end":{"line":294,"column":1}}},"1":{"name":"(anonymous_15)","decl":{"start":{"line":34,"column":14},"end":{"line":34,"column":21}},"loc":{"start":{"line":34,"column":27},"end":{"line":90,"column":null}}},"2":{"name":"(anonymous_16)","decl":{"start":{"line":34,"column":27},"end":{"line":34,"column":null}},"loc":{"start":{"line":34,"column":27},"end":{"line":90,"column":null}}},"3":{"name":"(anonymous_18)","decl":{"start":{"line":102,"column":22},"end":{"line":102,"column":23}},"loc":{"start":{"line":102,"column":62},"end":{"line":104,"column":13}}}},"branchMap":{"0":{"loc":{"start":{"line":57,"column":8},"end":{"line":59,"column":63}},"type":"cond-expr","locations":[{"start":{"line":58,"column":13},"end":{"line":58,"column":47}},{"start":{"line":59,"column":13},"end":{"line":59,"column":62}}]},"1":{"loc":{"start":{"line":63,"column":10},"end":{"line":65,"column":68}},"type":"cond-expr","locations":[{"start":{"line":64,"column":14},"end":{"line":64,"column":47}},{"start":{"line":65,"column":14},"end":{"line":65,"column":68}}]},"2":{"loc":{"start":{"line":76,"column":8},"end":{"line":86,"column":9}},"type":"if","locations":[{"start":{"line":76,"column":8},"end":{"line":86,"column":9}}]},"3":{"loc":{"start":{"line":76,"column":12},"end":{"line":76,"column":59}},"type":"binary-expr","locations":[{"start":{"line":76,"column":12},"end":{"line":76,"column":26}},{"start":{"line":76,"column":30},"end":{"line":76,"column":59}}]},"4":{"loc":{"start":{"line":77,"column":10},"end":{"line":85,"column":11}},"type":"if","locations":[{"start":{"line":77,"column":10},"end":{"line":85,"column":11}},{"start":{"line":81,"column":17},"end":{"line":85,"column":11}}]},"5":{"loc":{"start":{"line":81,"column":17},"end":{"line":85,"column":11}},"type":"if","locations":[{"start":{"line":81,"column":17},"end":{"line":85,"column":11}}]},"6":{"loc":{"start":{"line":110,"column":9},"end":{"line":135,"column":null}},"type":"binary-expr","locations":[{"start":{"line":110,"column":9},"end":{"line":110,"column":31}},{"start":{"line":111,"column":10},"end":{"line":134,"column":null}}]},"7":{"loc":{"start":{"line":114,"column":16},"end":{"line":116,"column":22}},"type":"cond-expr","locations":[{"start":{"line":115,"column":20},"end":{"line":115,"column":40}},{"start":{"line":116,"column":20},"end":{"line":116,"column":22}}]},"8":{"loc":{"start":{"line":114,"column":16},"end":{"line":114,"column":73}},"type":"binary-expr","locations":[{"start":{"line":114,"column":16},"end":{"line":114,"column":43}},{"start":{"line":114,"column":47},"end":{"line":114,"column":73}}]},"9":{"loc":{"start":{"line":130,"column":13},"end":{"line":133,"column":null}},"type":"cond-expr","locations":[{"start":{"line":131,"column":14},"end":{"line":131,"column":71}},{"start":{"line":133,"column":14},"end":{"line":133,"column":55}}]},"10":{"loc":{"start":{"line":130,"column":13},"end":{"line":130,"column":70}},"type":"binary-expr","locations":[{"start":{"line":130,"column":13},"end":{"line":130,"column":40}},{"start":{"line":130,"column":44},"end":{"line":130,"column":70}}]},"11":{"loc":{"start":{"line":139,"column":12},"end":{"line":141,"column":18}},"type":"cond-expr","locations":[{"start":{"line":140,"column":16},"end":{"line":140,"column":36}},{"start":{"line":141,"column":16},"end":{"line":141,"column":18}}]},"12":{"loc":{"start":{"line":139,"column":12},"end":{"line":139,"column":65}},"type":"binary-expr","locations":[{"start":{"line":139,"column":12},"end":{"line":139,"column":37}},{"start":{"line":139,"column":41},"end":{"line":139,"column":65}}]},"13":{"loc":{"start":{"line":155,"column":9},"end":{"line":158,"column":null}},"type":"cond-expr","locations":[{"start":{"line":156,"column":10},"end":{"line":156,"column":65}},{"start":{"line":158,"column":10},"end":{"line":158,"column":51}}]},"14":{"loc":{"start":{"line":155,"column":9},"end":{"line":155,"column":62}},"type":"binary-expr","locations":[{"start":{"line":155,"column":9},"end":{"line":155,"column":34}},{"start":{"line":155,"column":38},"end":{"line":155,"column":62}}]},"15":{"loc":{"start":{"line":163,"column":12},"end":{"line":165,"column":18}},"type":"cond-expr","locations":[{"start":{"line":164,"column":16},"end":{"line":164,"column":36}},{"start":{"line":165,"column":16},"end":{"line":165,"column":18}}]},"16":{"loc":{"start":{"line":163,"column":12},"end":{"line":163,"column":63}},"type":"binary-expr","locations":[{"start":{"line":163,"column":12},"end":{"line":163,"column":36}},{"start":{"line":163,"column":40},"end":{"line":163,"column":63}}]},"17":{"loc":{"start":{"line":179,"column":9},"end":{"line":182,"column":null}},"type":"cond-expr","locations":[{"start":{"line":180,"column":10},"end":{"line":180,"column":64}},{"start":{"line":182,"column":10},"end":{"line":182,"column":51}}]},"18":{"loc":{"start":{"line":179,"column":9},"end":{"line":179,"column":60}},"type":"binary-expr","locations":[{"start":{"line":179,"column":9},"end":{"line":179,"column":33}},{"start":{"line":179,"column":37},"end":{"line":179,"column":60}}]},"19":{"loc":{"start":{"line":186,"column":12},"end":{"line":188,"column":18}},"type":"cond-expr","locations":[{"start":{"line":187,"column":16},"end":{"line":187,"column":36}},{"start":{"line":188,"column":16},"end":{"line":188,"column":18}}]},"20":{"loc":{"start":{"line":186,"column":12},"end":{"line":186,"column":61}},"type":"binary-expr","locations":[{"start":{"line":186,"column":12},"end":{"line":186,"column":35}},{"start":{"line":186,"column":39},"end":{"line":186,"column":61}}]},"21":{"loc":{"start":{"line":202,"column":9},"end":{"line":205,"column":null}},"type":"cond-expr","locations":[{"start":{"line":203,"column":10},"end":{"line":203,"column":63}},{"start":{"line":205,"column":10},"end":{"line":205,"column":51}}]},"22":{"loc":{"start":{"line":202,"column":9},"end":{"line":202,"column":58}},"type":"binary-expr","locations":[{"start":{"line":202,"column":9},"end":{"line":202,"column":32}},{"start":{"line":202,"column":36},"end":{"line":202,"column":58}}]},"23":{"loc":{"start":{"line":209,"column":12},"end":{"line":211,"column":18}},"type":"cond-expr","locations":[{"start":{"line":210,"column":16},"end":{"line":210,"column":36}},{"start":{"line":211,"column":16},"end":{"line":211,"column":18}}]},"24":{"loc":{"start":{"line":209,"column":12},"end":{"line":209,"column":55}},"type":"binary-expr","locations":[{"start":{"line":209,"column":12},"end":{"line":209,"column":32}},{"start":{"line":209,"column":36},"end":{"line":209,"column":55}}]},"25":{"loc":{"start":{"line":225,"column":9},"end":{"line":228,"column":null}},"type":"cond-expr","locations":[{"start":{"line":226,"column":10},"end":{"line":226,"column":60}},{"start":{"line":228,"column":10},"end":{"line":228,"column":51}}]},"26":{"loc":{"start":{"line":225,"column":9},"end":{"line":225,"column":52}},"type":"binary-expr","locations":[{"start":{"line":225,"column":9},"end":{"line":225,"column":29}},{"start":{"line":225,"column":33},"end":{"line":225,"column":52}}]},"27":{"loc":{"start":{"line":233,"column":12},"end":{"line":235,"column":18}},"type":"cond-expr","locations":[{"start":{"line":234,"column":16},"end":{"line":234,"column":36}},{"start":{"line":235,"column":16},"end":{"line":235,"column":18}}]},"28":{"loc":{"start":{"line":233,"column":12},"end":{"line":233,"column":69}},"type":"binary-expr","locations":[{"start":{"line":233,"column":12},"end":{"line":233,"column":39}},{"start":{"line":233,"column":43},"end":{"line":233,"column":69}}]},"29":{"loc":{"start":{"line":249,"column":9},"end":{"line":252,"column":null}},"type":"cond-expr","locations":[{"start":{"line":250,"column":10},"end":{"line":250,"column":67}},{"start":{"line":252,"column":10},"end":{"line":252,"column":51}}]},"30":{"loc":{"start":{"line":249,"column":9},"end":{"line":249,"column":66}},"type":"binary-expr","locations":[{"start":{"line":249,"column":9},"end":{"line":249,"column":36}},{"start":{"line":249,"column":40},"end":{"line":249,"column":66}}]},"31":{"loc":{"start":{"line":257,"column":12},"end":{"line":259,"column":18}},"type":"cond-expr","locations":[{"start":{"line":258,"column":16},"end":{"line":258,"column":36}},{"start":{"line":259,"column":16},"end":{"line":259,"column":18}}]},"32":{"loc":{"start":{"line":257,"column":12},"end":{"line":257,"column":61}},"type":"binary-expr","locations":[{"start":{"line":257,"column":12},"end":{"line":257,"column":35}},{"start":{"line":257,"column":39},"end":{"line":257,"column":61}}]},"33":{"loc":{"start":{"line":273,"column":9},"end":{"line":276,"column":null}},"type":"cond-expr","locations":[{"start":{"line":274,"column":10},"end":{"line":274,"column":63}},{"start":{"line":276,"column":10},"end":{"line":276,"column":51}}]},"34":{"loc":{"start":{"line":273,"column":9},"end":{"line":273,"column":58}},"type":"binary-expr","locations":[{"start":{"line":273,"column":9},"end":{"line":273,"column":32}},{"start":{"line":273,"column":36},"end":{"line":273,"column":58}}]},"35":{"loc":{"start":{"line":279,"column":7},"end":{"line":279,"column":37}},"type":"binary-expr","locations":[{"start":{"line":279,"column":7},"end":{"line":279,"column":16}},{"start":{"line":279,"column":20},"end":{"line":279,"column":37}}]},"36":{"loc":{"start":{"line":280,"column":7},"end":{"line":280,"column":76}},"type":"binary-expr","locations":[{"start":{"line":280,"column":7},"end":{"line":280,"column":24}},{"start":{"line":280,"column":28},"end":{"line":280,"column":76}}]}},"s":{"0":2,"1":2,"2":2,"3":2,"4":2,"5":2,"6":2,"7":2,"8":2,"9":2,"10":34,"11":33,"12":33,"13":33,"14":33,"15":33,"16":33,"17":33,"18":33,"19":33,"20":33,"21":2,"22":2,"23":2,"24":2,"25":2,"26":2,"27":2,"28":2,"29":2,"30":0,"31":0,"32":2,"33":2,"34":2,"35":0,"36":0,"37":0,"38":0,"39":2,"40":33,"41":2,"42":2},"f":{"0":34,"1":2,"2":2,"3":2},"b":{"0":[1,1],"1":[1,1],"2":[0],"3":[2,0],"4":[0,0],"5":[0],"6":[33,9],"7":[0,9],"8":[9,1],"9":[0,9],"10":[9,1],"11":[3,30],"12":[33,9],"13":[3,30],"14":[33,9],"15":[3,30],"16":[33,9],"17":[3,30],"18":[33,9],"19":[3,30],"20":[33,9],"21":[3,30],"22":[33,9],"23":[3,30],"24":[33,9],"25":[3,30],"26":[33,9],"27":[3,30],"28":[33,9],"29":[3,30],"30":[33,9],"31":[3,30],"32":[33,9],"33":[3,30],"34":[33,9],"35":[33,0],"36":[33,1]}}
,"C:\\Users\\mouni\\OneDrive\\Documents\\GitHub\\SOEN390-MiniCap\\frontend\\src\\Components\\Common\\AuthUtil.tsx": {"path":"C:\\Users\\mouni\\OneDrive\\Documents\\GitHub\\SOEN390-MiniCap\\frontend\\src\\Components\\Common\\AuthUtil.tsx","statementMap":{"0":{"start":{"line":1,"column":31},"end":{"line":9,"column":1}},"1":{"start":{"line":2,"column":19},"end":{"line":2,"column":51}},"2":{"start":{"line":3,"column":2},"end":{"line":7,"column":3}},"3":{"start":{"line":4,"column":22},"end":{"line":4,"column":43}},"4":{"start":{"line":6,"column":4},"end":{"line":6,"column":19}},"5":{"start":{"line":8,"column":2},"end":{"line":8,"column":15}},"6":{"start":{"line":1,"column":13},"end":{"line":1,"column":31}}},"fnMap":{"0":{"name":"(anonymous_0)","decl":{"start":{"line":1,"column":31},"end":{"line":1,"column":null}},"loc":{"start":{"line":1,"column":31},"end":{"line":9,"column":1}}}},"branchMap":{"0":{"loc":{"start":{"line":3,"column":2},"end":{"line":7,"column":3}},"type":"if","locations":[{"start":{"line":3,"column":2},"end":{"line":7,"column":3}}]}},"s":{"0":2,"1":12,"2":12,"3":2,"4":2,"5":10,"6":2},"f":{"0":12},"b":{"0":[2]}}
,"C:\\Users\\mouni\\OneDrive\\Documents\\GitHub\\SOEN390-MiniCap\\frontend\\src\\Components\\Common\\InitialValues.ts": {"path":"C:\\Users\\mouni\\OneDrive\\Documents\\GitHub\\SOEN390-MiniCap\\frontend\\src\\Components\\Common\\InitialValues.ts","statementMap":{"0":{"start":{"line":1,"column":13},"end":{"line":9,"column":2}},"1":{"start":{"line":11,"column":13},"end":{"line":14,"column":2}}},"fnMap":{},"branchMap":{},"s":{"0":4,"1":4},"f":{},"b":{}}
,"C:\\Users\\mouni\\OneDrive\\Documents\\GitHub\\SOEN390-MiniCap\\frontend\\src\\Components\\Common\\LoadingScreen.tsx": {"path":"C:\\Users\\mouni\\OneDrive\\Documents\\GitHub\\SOEN390-MiniCap\\frontend\\src\\Components\\Common\\LoadingScreen.tsx","statementMap":{"0":{"start":{"line":2,"column":0},"end":{"line":2,"column":46}},"1":{"start":{"line":3,"column":0},"end":{"line":3,"column":56}},"2":{"start":{"line":4,"column":22},"end":{"line":10,"column":1}},"3":{"start":{"line":5,"column":2},"end":{"line":9,"column":4}},"4":{"start":{"line":12,"column":0},"end":{"line":12,"column":29}}},"fnMap":{"0":{"name":"(anonymous_0)","decl":{"start":{"line":4,"column":22},"end":{"line":4,"column":null}},"loc":{"start":{"line":4,"column":22},"end":{"line":10,"column":1}}}},"branchMap":{},"s":{"0":5,"1":5,"2":5,"3":1,"4":5},"f":{"0":1},"b":{}}
,"C:\\Users\\mouni\\OneDrive\\Documents\\GitHub\\SOEN390-MiniCap\\frontend\\src\\Components\\Common\\ValidationSchema.ts": {"path":"C:\\Users\\mouni\\OneDrive\\Documents\\GitHub\\SOEN390-MiniCap\\frontend\\src\\Components\\Common\\ValidationSchema.ts","statementMap":{"0":{"start":{"line":1,"column":0},"end":{"line":1,"column":27}},"1":{"start":{"line":3,"column":13},"end":{"line":24,"column":3}},"2":{"start":{"line":26,"column":13},"end":{"line":31,"column":3}}},"fnMap":{},"branchMap":{},"s":{"0":4,"1":4,"2":4},"f":{},"b":{}}
,"C:\\Users\\mouni\\OneDrive\\Documents\\GitHub\\SOEN390-MiniCap\\frontend\\src\\Components\\CondoProfile\\CondoInfoField.tsx": {"path":"C:\\Users\\mouni\\OneDrive\\Documents\\GitHub\\SOEN390-MiniCap\\frontend\\src\\Components\\CondoProfile\\CondoInfoField.tsx","statementMap":{"0":{"start":{"line":2,"column":0},"end":{"line":2,"column":63}},"1":{"start":{"line":12,"column":54},"end":{"line":40,"column":1}},"2":{"start":{"line":13,"column":7},"end":{"line":13,"column":null}},"3":{"start":{"line":14,"column":7},"end":{"line":14,"column":null}},"4":{"start":{"line":15,"column":12},"end":{"line":15,"column":null}},"5":{"start":{"line":16,"column":10},"end":{"line":16,"column":null}},"6":{"start":{"line":17,"column":6},"end":{"line":17,"column":null}},"7":{"start":{"line":19,"column":2},"end":{"line":39,"column":4}},"8":{"start":{"line":42,"column":0},"end":{"line":42,"column":30}}},"fnMap":{"0":{"name":"(anonymous_0)","decl":{"start":{"line":12,"column":54},"end":{"line":12,"column":55}},"loc":{"start":{"line":18,"column":1},"end":{"line":40,"column":1}}}},"branchMap":{"0":{"loc":{"start":{"line":24,"column":7},"end":{"line":36,"column":null}},"type":"cond-expr","locations":[{"start":{"line":26,"column":8},"end":{"line":32,"column":null}},{"start":{"line":36,"column":8},"end":{"line":36,"column":52}}]}},"s":{"0":3,"1":3,"2":198,"3":198,"4":198,"5":198,"6":198,"7":198,"8":3},"f":{"0":198},"b":{"0":[155,43]}}
,"C:\\Users\\mouni\\OneDrive\\Documents\\GitHub\\SOEN390-MiniCap\\frontend\\src\\Components\\CondoProfile\\CondoInfoForm.tsx": {"path":"C:\\Users\\mouni\\OneDrive\\Documents\\GitHub\\SOEN390-MiniCap\\frontend\\src\\Components\\CondoProfile\\CondoInfoForm.tsx","statementMap":{"0":{"start":{"line":1,"column":0},"end":{"line":1,"column":40}},"1":{"start":{"line":2,"column":0},"end":{"line":2,"column":47}},"2":{"start":{"line":3,"column":0},"end":{"line":3,"column":46}},"3":{"start":{"line":4,"column":0},"end":{"line":4,"column":62}},"4":{"start":{"line":30,"column":52},"end":{"line":111,"column":1}},"5":{"start":{"line":30,"column":64},"end":{"line":30,"column":66}},"6":{"start":{"line":30,"column":72},"end":{"line":30,"column":74}},"7":{"start":{"line":31,"column":36},"end":{"line":31,"column":51}},"8":{"start":{"line":31,"column":19},"end":{"line":31,"column":21}},"9":{"start":{"line":31,"column":32},"end":{"line":31,"column":36}},"10":{"start":{"line":32,"column":34},"end":{"line":32,"column":64}},"11":{"start":{"line":32,"column":17},"end":{"line":32,"column":19}},"12":{"start":{"line":32,"column":30},"end":{"line":32,"column":34}},"13":{"start":{"line":33,"column":19},"end":{"line":33,"column":32}},"14":{"start":{"line":36,"column":28},"end":{"line":39,"column":3}},"15":{"start":{"line":37,"column":28},"end":{"line":37,"column":40}},"16":{"start":{"line":37,"column":16},"end":{"line":37,"column":18}},"17":{"start":{"line":37,"column":23},"end":{"line":37,"column":28}},"18":{"start":{"line":38,"column":4},"end":{"line":38,"column":48}},"19":{"start":{"line":42,"column":21},"end":{"line":46,"column":3}},"20":{"start":{"line":43,"column":4},"end":{"line":43,"column":27}},"21":{"start":{"line":44,"column":4},"end":{"line":44,"column":21}},"22":{"start":{"line":45,"column":4},"end":{"line":45,"column":23}},"23":{"start":{"line":49,"column":32},"end":{"line":51,"column":3}},"24":{"start":{"line":50,"column":4},"end":{"line":50,"column":29}},"25":{"start":{"line":54,"column":21},"end":{"line":57,"column":3}},"26":{"start":{"line":55,"column":4},"end":{"line":55,"column":27}},"27":{"start":{"line":56,"column":4},"end":{"line":56,"column":22}},"28":{"start":{"line":60,"column":23},"end":{"line":63,"column":3}},"29":{"start":{"line":61,"column":4},"end":{"line":61,"column":27}},"30":{"start":{"line":62,"column":4},"end":{"line":62,"column":23}},"31":{"start":{"line":66,"column":2},"end":{"line":110,"column":4}},"32":{"start":{"line":70,"column":45},"end":{"line":82,"column":10}},"33":{"start":{"line":113,"column":0},"end":{"line":113,"column":29}}},"fnMap":{"0":{"name":"(anonymous_3)","decl":{"start":{"line":30,"column":52},"end":{"line":30,"column":53}},"loc":{"start":{"line":30,"column":74},"end":{"line":111,"column":1}}},"1":{"name":"(anonymous_4)","decl":{"start":{"line":36,"column":28},"end":{"line":36,"column":29}},"loc":{"start":{"line":36,"column":71},"end":{"line":39,"column":3}}},"2":{"name":"(anonymous_5)","decl":{"start":{"line":42,"column":21},"end":{"line":42,"column":22}},"loc":{"start":{"line":42,"column":44},"end":{"line":46,"column":3}}},"3":{"name":"(anonymous_6)","decl":{"start":{"line":49,"column":32},"end":{"line":49,"column":null}},"loc":{"start":{"line":49,"column":32},"end":{"line":51,"column":3}}},"4":{"name":"(anonymous_7)","decl":{"start":{"line":54,"column":21},"end":{"line":54,"column":22}},"loc":{"start":{"line":54,"column":44},"end":{"line":57,"column":3}}},"5":{"name":"(anonymous_8)","decl":{"start":{"line":60,"column":23},"end":{"line":60,"column":null}},"loc":{"start":{"line":60,"column":23},"end":{"line":63,"column":3}}},"6":{"name":"(anonymous_9)","decl":{"start":{"line":70,"column":36},"end":{"line":70,"column":37}},"loc":{"start":{"line":70,"column":40},"end":{"line":70,"column":null}}}},"branchMap":{"0":{"loc":{"start":{"line":69,"column":22},"end":{"line":69,"column":57}},"type":"cond-expr","locations":[{"start":{"line":69,"column":35},"end":{"line":69,"column":45}},{"start":{"line":69,"column":48},"end":{"line":69,"column":57}}]},"1":{"loc":{"start":{"line":84,"column":11},"end":{"line":105,"column":null}},"type":"cond-expr","locations":[{"start":{"line":85,"column":12},"end":{"line":95,"column":null}},{"start":{"line":98,"column":12},"end":{"line":104,"column":null}}]}},"s":{"0":2,"1":2,"2":2,"3":2,"4":2,"5":30,"6":28,"7":28,"8":28,"9":28,"10":28,"11":28,"12":28,"13":28,"14":28,"15":20,"16":20,"17":20,"18":20,"19":28,"20":1,"21":1,"22":1,"23":28,"24":0,"25":28,"26":2,"27":2,"28":28,"29":1,"30":1,"31":28,"32":196,"33":2},"f":{"0":30,"1":20,"2":1,"3":0,"4":2,"5":1,"6":196},"b":{"0":[22,6],"1":[22,6]}}
,"C:\\Users\\mouni\\OneDrive\\Documents\\GitHub\\SOEN390-MiniCap\\frontend\\src\\Components\\UserProfile\\UserInformation.tsx": {"path":"C:\\Users\\mouni\\OneDrive\\Documents\\GitHub\\SOEN390-MiniCap\\frontend\\src\\Components\\UserProfile\\UserInformation.tsx","statementMap":{"0":{"start":{"line":1,"column":0},"end":{"line":1,"column":64}},"1":{"start":{"line":2,"column":0},"end":{"line":2,"column":63}},"2":{"start":{"line":3,"column":0},"end":{"line":3,"column":39}},"3":{"start":{"line":4,"column":0},"end":{"line":4,"column":26}},"4":{"start":{"line":22,"column":56},"end":{"line":272,"column":1}},"5":{"start":{"line":22,"column":63},"end":{"line":22,"column":65}},"6":{"start":{"line":23,"column":36},"end":{"line":23,"column":73}},"7":{"start":{"line":25,"column":34},"end":{"line":25,"column":58}},"8":{"start":{"line":25,"column":17},"end":{"line":25,"column":19}},"9":{"start":{"line":25,"column":30},"end":{"line":25,"column":34}},"10":{"start":{"line":26,"column":34},"end":{"line":26,"column":58}},"11":{"start":{"line":26,"column":17},"end":{"line":26,"column":19}},"12":{"start":{"line":26,"column":30},"end":{"line":26,"column":34}},"13":{"start":{"line":27,"column":46},"end":{"line":27,"column":75}},"14":{"start":{"line":27,"column":23},"end":{"line":27,"column":25}},"15":{"start":{"line":27,"column":42},"end":{"line":27,"column":46}},"16":{"start":{"line":28,"column":42},"end":{"line":28,"column":71}},"17":{"start":{"line":28,"column":21},"end":{"line":28,"column":23}},"18":{"start":{"line":28,"column":38},"end":{"line":28,"column":42}},"19":{"start":{"line":29,"column":52},"end":{"line":30,"column":null}},"20":{"start":{"line":29,"column":26},"end":{"line":29,"column":28}},"21":{"start":{"line":29,"column":48},"end":{"line":29,"column":52}},"22":{"start":{"line":33,"column":2},"end":{"line":37,"column":13}},"23":{"start":{"line":34,"column":4},"end":{"line":34,"column":22}},"24":{"start":{"line":36,"column":4},"end":{"line":36,"column":39}},"25":{"start":{"line":40,"column":30},"end":{"line":52,"column":4}},"26":{"start":{"line":40,"column":53},"end":{"line":52,"column":4}},"27":{"start":{"line":42,"column":23},"end":{"line":44,"column":null}},"28":{"start":{"line":42,"column":12},"end":{"line":44,"column":null}},"29":{"start":{"line":45,"column":6},"end":{"line":45,"column":61}},"30":{"start":{"line":46,"column":6},"end":{"line":48,"column":7}},"31":{"start":{"line":47,"column":8},"end":{"line":47,"column":48}},"32":{"start":{"line":50,"column":6},"end":{"line":50,"column":62}},"33":{"start":{"line":54,"column":33},"end":{"line":57,"column":3}},"34":{"start":{"line":55,"column":22},"end":{"line":55,"column":68}},"35":{"start":{"line":56,"column":4},"end":{"line":56,"column":23}},"36":{"start":{"line":59,"column":26},"end":{"line":84,"column":4}},"37":{"start":{"line":61,"column":6},"end":{"line":65,"column":9}},"38":{"start":{"line":67,"column":6},"end":{"line":67,"column":61}},"39":{"start":{"line":68,"column":6},"end":{"line":68,"column":28}},"40":{"start":{"line":69,"column":10},"end":{"line":69,"column":18}},"41":{"start":{"line":70,"column":14},"end":{"line":70,"column":47}},"42":{"start":{"line":71,"column":8},"end":{"line":71,"column":64}},"43":{"start":{"line":72,"column":8},"end":{"line":75,"column":10}},"44":{"start":{"line":77,"column":6},"end":{"line":77,"column":65}},"45":{"start":{"line":79,"column":6},"end":{"line":79,"column":53}},"46":{"start":{"line":80,"column":6},"end":{"line":80,"column":30}},"47":{"start":{"line":82,"column":6},"end":{"line":82,"column":25}},"48":{"start":{"line":86,"column":28},"end":{"line":90,"column":3}},"49":{"start":{"line":87,"column":4},"end":{"line":87,"column":23}},"50":{"start":{"line":88,"column":4},"end":{"line":88,"column":28}},"51":{"start":{"line":89,"column":4},"end":{"line":89,"column":26}},"52":{"start":{"line":92,"column":23},"end":{"line":97,"column":3}},"53":{"start":{"line":93,"column":4},"end":{"line":96,"column":8}},"54":{"start":{"line":93,"column":34},"end":{"line":96,"column":7}},"55":{"start":{"line":99,"column":37},"end":{"line":113,"column":3}},"56":{"start":{"line":102,"column":17},"end":{"line":102,"column":36}},"57":{"start":{"line":103,"column":4},"end":{"line":112,"column":5}},"58":{"start":{"line":104,"column":6},"end":{"line":107,"column":10}},"59":{"start":{"line":104,"column":36},"end":{"line":107,"column":9}},"60":{"start":{"line":110,"column":23},"end":{"line":110,"column":48}},"61":{"start":{"line":111,"column":6},"end":{"line":111,"column":37}},"62":{"start":{"line":115,"column":2},"end":{"line":271,"column":4}},"63":{"start":{"line":158,"column":29},"end":{"line":158,"column":null}},"64":{"start":{"line":175,"column":29},"end":{"line":175,"column":null}},"65":{"start":{"line":192,"column":29},"end":{"line":192,"column":null}},"66":{"start":{"line":209,"column":29},"end":{"line":209,"column":null}},"67":{"start":{"line":226,"column":29},"end":{"line":226,"column":null}},"68":{"start":{"line":243,"column":29},"end":{"line":243,"column":null}},"69":{"start":{"line":265,"column":25},"end":{"line":265,"column":null}},"70":{"start":{"line":274,"column":0},"end":{"line":274,"column":31}}},"fnMap":{"0":{"name":"(anonymous_16)","decl":{"start":{"line":22,"column":56},"end":{"line":22,"column":57}},"loc":{"start":{"line":22,"column":65},"end":{"line":272,"column":1}}},"1":{"name":"(anonymous_17)","decl":{"start":{"line":33,"column":12},"end":{"line":33,"column":null}},"loc":{"start":{"line":33,"column":12},"end":{"line":37,"column":3}}},"2":{"name":"(anonymous_18)","decl":{"start":{"line":40,"column":30},"end":{"line":40,"column":37}},"loc":{"start":{"line":40,"column":53},"end":{"line":52,"column":4}}},"3":{"name":"(anonymous_19)","decl":{"start":{"line":40,"column":53},"end":{"line":40,"column":null}},"loc":{"start":{"line":40,"column":53},"end":{"line":52,"column":4}}},"4":{"name":"(anonymous_21)","decl":{"start":{"line":54,"column":33},"end":{"line":54,"column":null}},"loc":{"start":{"line":54,"column":33},"end":{"line":57,"column":3}}},"5":{"name":"(anonymous_22)","decl":{"start":{"line":59,"column":26},"end":{"line":59,"column":null}},"loc":{"start":{"line":59,"column":26},"end":{"line":84,"column":4}}},"6":{"name":"(anonymous_25)","decl":{"start":{"line":86,"column":28},"end":{"line":86,"column":null}},"loc":{"start":{"line":86,"column":28},"end":{"line":90,"column":3}}},"7":{"name":"(anonymous_26)","decl":{"start":{"line":92,"column":23},"end":{"line":92,"column":24}},"loc":{"start":{"line":92,"column":52},"end":{"line":97,"column":3}}},"8":{"name":"(anonymous_27)","decl":{"start":{"line":93,"column":16},"end":{"line":93,"column":17}},"loc":{"start":{"line":93,"column":29},"end":{"line":93,"column":null}}},"9":{"name":"(anonymous_28)","decl":{"start":{"line":99,"column":37},"end":{"line":99,"column":null}},"loc":{"start":{"line":100,"column":36},"end":{"line":113,"column":3}}},"10":{"name":"(anonymous_29)","decl":{"start":{"line":104,"column":18},"end":{"line":104,"column":19}},"loc":{"start":{"line":104,"column":31},"end":{"line":104,"column":null}}},"11":{"name":"(anonymous_30)","decl":{"start":{"line":158,"column":22},"end":{"line":158,"column":23}},"loc":{"start":{"line":158,"column":24},"end":{"line":158,"column":41}}},"12":{"name":"(anonymous_31)","decl":{"start":{"line":175,"column":22},"end":{"line":175,"column":23}},"loc":{"start":{"line":175,"column":24},"end":{"line":175,"column":41}}},"13":{"name":"(anonymous_32)","decl":{"start":{"line":192,"column":22},"end":{"line":192,"column":23}},"loc":{"start":{"line":192,"column":24},"end":{"line":192,"column":41}}},"14":{"name":"(anonymous_33)","decl":{"start":{"line":209,"column":22},"end":{"line":209,"column":23}},"loc":{"start":{"line":209,"column":24},"end":{"line":209,"column":41}}},"15":{"name":"(anonymous_34)","decl":{"start":{"line":226,"column":22},"end":{"line":226,"column":23}},"loc":{"start":{"line":226,"column":24},"end":{"line":226,"column":41}}},"16":{"name":"(anonymous_35)","decl":{"start":{"line":243,"column":22},"end":{"line":243,"column":23}},"loc":{"start":{"line":243,"column":24},"end":{"line":243,"column":41}}},"17":{"name":"(anonymous_36)","decl":{"start":{"line":265,"column":19},"end":{"line":265,"column":25}},"loc":{"start":{"line":265,"column":19},"end":{"line":265,"column":36}}}},"branchMap":{"0":{"loc":{"start":{"line":46,"column":6},"end":{"line":48,"column":7}},"type":"if","locations":[{"start":{"line":46,"column":6},"end":{"line":48,"column":7}}]},"1":{"loc":{"start":{"line":46,"column":10},"end":{"line":46,"column":44}},"type":"binary-expr","locations":[{"start":{"line":46,"column":10},"end":{"line":46,"column":23}},{"start":{"line":46,"column":27},"end":{"line":46,"column":44}}]},"2":{"loc":{"start":{"line":56,"column":4},"end":{"line":56,"column":22}},"type":"cond-expr","locations":[{"start":{"line":56,"column":13},"end":{"line":56,"column":15}},{"start":{"line":56,"column":4},"end":{"line":56,"column":22}}]},"3":{"loc":{"start":{"line":56,"column":4},"end":{"line":56,"column":15}},"type":"binary-expr","locations":[{"start":{"line":56,"column":4},"end":{"line":56,"column":15}},{"start":{"line":56,"column":4},"end":{"line":56,"column":15}}]},"4":{"loc":{"start":{"line":69,"column":10},"end":{"line":69,"column":18}},"type":"if","locations":[{"start":{"line":69,"column":10},"end":{"line":69,"column":18}}]},"5":{"loc":{"start":{"line":102,"column":17},"end":{"line":102,"column":36}},"type":"cond-expr","locations":[{"start":{"line":102,"column":31},"end":{"line":102,"column":34}},{"start":{"line":102,"column":31},"end":{"line":102,"column":36}}]},"6":{"loc":{"start":{"line":102,"column":17},"end":{"line":102,"column":34}},"type":"binary-expr","locations":[{"start":{"line":102,"column":17},"end":{"line":102,"column":34}},{"start":{"line":102,"column":31},"end":{"line":102,"column":34}}]},"7":{"loc":{"start":{"line":103,"column":4},"end":{"line":112,"column":5}},"type":"if","locations":[{"start":{"line":103,"column":4},"end":{"line":112,"column":5}}]},"8":{"loc":{"start":{"line":117,"column":47},"end":{"line":117,"column":74}},"type":"cond-expr","locations":[{"start":{"line":117,"column":58},"end":{"line":117,"column":69}},{"start":{"line":117,"column":72},"end":{"line":117,"column":74}}]},"9":{"loc":{"start":{"line":119,"column":7},"end":{"line":120,"column":null}},"type":"binary-expr","locations":[{"start":{"line":119,"column":7},"end":{"line":119,"column":21}},{"start":{"line":120,"column":8},"end":{"line":120,"column":63}}]},"10":{"loc":{"start":{"line":122,"column":7},"end":{"line":122,"column":74}},"type":"binary-expr","locations":[{"start":{"line":122,"column":7},"end":{"line":122,"column":19}},{"start":{"line":122,"column":23},"end":{"line":122,"column":74}}]},"11":{"loc":{"start":{"line":127,"column":15},"end":{"line":127,"column":61}},"type":"binary-expr","locations":[{"start":{"line":127,"column":15},"end":{"line":127,"column":32}},{"start":{"line":127,"column":36},"end":{"line":127,"column":61}}]},"12":{"loc":{"start":{"line":130,"column":9},"end":{"line":136,"column":null}},"type":"binary-expr","locations":[{"start":{"line":130,"column":9},"end":{"line":130,"column":17}},{"start":{"line":131,"column":10},"end":{"line":135,"column":null}}]},"13":{"loc":{"start":{"line":152,"column":9},"end":{"line":161,"column":null}},"type":"cond-expr","locations":[{"start":{"line":153,"column":10},"end":{"line":158,"column":null}},{"start":{"line":161,"column":10},"end":{"line":161,"column":76}}]},"14":{"loc":{"start":{"line":169,"column":9},"end":{"line":178,"column":null}},"type":"cond-expr","locations":[{"start":{"line":170,"column":10},"end":{"line":175,"column":null}},{"start":{"line":178,"column":10},"end":{"line":178,"column":78}}]},"15":{"loc":{"start":{"line":186,"column":9},"end":{"line":195,"column":null}},"type":"cond-expr","locations":[{"start":{"line":187,"column":10},"end":{"line":192,"column":null}},{"start":{"line":195,"column":10},"end":{"line":195,"column":77}}]},"16":{"loc":{"start":{"line":203,"column":9},"end":{"line":212,"column":null}},"type":"cond-expr","locations":[{"start":{"line":204,"column":10},"end":{"line":209,"column":null}},{"start":{"line":212,"column":10},"end":{"line":212,"column":73}}]},"17":{"loc":{"start":{"line":220,"column":9},"end":{"line":229,"column":null}},"type":"cond-expr","locations":[{"start":{"line":221,"column":10},"end":{"line":226,"column":null}},{"start":{"line":229,"column":10},"end":{"line":229,"column":80}}]},"18":{"loc":{"start":{"line":237,"column":9},"end":{"line":246,"column":null}},"type":"cond-expr","locations":[{"start":{"line":238,"column":10},"end":{"line":243,"column":null}},{"start":{"line":246,"column":10},"end":{"line":246,"column":76}}]},"19":{"loc":{"start":{"line":250,"column":7},"end":{"line":268,"column":null}},"type":"cond-expr","locations":[{"start":{"line":251,"column":8},"end":{"line":260,"column":null}},{"start":{"line":263,"column":8},"end":{"line":265,"column":null}}]}},"s":{"0":2,"1":2,"2":2,"3":2,"4":2,"5":21,"6":21,"7":21,"8":21,"9":21,"10":21,"11":21,"12":21,"13":21,"14":21,"15":21,"16":21,"17":21,"18":21,"19":21,"20":21,"21":21,"22":21,"23":7,"24":7,"25":21,"26":7,"27":7,"28":7,"29":7,"30":3,"31":0,"32":4,"33":21,"34":0,"35":0,"36":23,"37":4,"38":2,"39":2,"40":4,"41":0,"42":0,"43":0,"44":2,"45":0,"46":0,"47":2,"48":21,"49":1,"50":1,"51":1,"52":21,"53":3,"54":3,"55":21,"56":0,"57":0,"58":0,"59":0,"60":0,"61":0,"62":21,"63":3,"64":0,"65":0,"66":0,"67":0,"68":0,"69":5,"70":2},"f":{"0":21,"1":7,"2":7,"3":7,"4":0,"5":4,"6":1,"7":3,"8":3,"9":0,"10":0,"11":3,"12":0,"13":0,"14":0,"15":0,"16":0,"17":5},"b":{"0":[0],"1":[3,3],"2":[0,0],"3":[0,0],"4":[2],"5":[0,0],"6":[0,0],"7":[0],"8":[13,8],"9":[21,0],"10":[21,0],"11":[21,21],"12":[21,13],"13":[13,8],"14":[13,8],"15":[13,8],"16":[13,8],"17":[13,8],"18":[13,8],"19":[13,8]}}
,"C:\\Users\\mouni\\OneDrive\\Documents\\GitHub\\SOEN390-MiniCap\\frontend\\src\\Components\\UserProfile\\UserProperties.tsx": {"path":"C:\\Users\\mouni\\OneDrive\\Documents\\GitHub\\SOEN390-MiniCap\\frontend\\src\\Components\\UserProfile\\UserProperties.tsx","statementMap":{"0":{"start":{"line":1,"column":0},"end":{"line":1,"column":62}},"1":{"start":{"line":2,"column":0},"end":{"line":2,"column":40}},"2":{"start":{"line":3,"column":0},"end":{"line":3,"column":52}},"3":{"start":{"line":13,"column":29},"end":{"line":65,"column":1}},"4":{"start":{"line":14,"column":38},"end":{"line":14,"column":75}},"5":{"start":{"line":16,"column":38},"end":{"line":22,"column":6}},"6":{"start":{"line":24,"column":36},"end":{"line":24,"column":71}},"7":{"start":{"line":24,"column":19},"end":{"line":24,"column":21}},"8":{"start":{"line":24,"column":32},"end":{"line":24,"column":36}},"9":{"start":{"line":25,"column":30},"end":{"line":25,"column":54}},"10":{"start":{"line":25,"column":16},"end":{"line":25,"column":18}},"11":{"start":{"line":25,"column":26},"end":{"line":25,"column":30}},"12":{"start":{"line":27,"column":28},"end":{"line":30,"column":5}},"13":{"start":{"line":28,"column":8},"end":{"line":28,"column":44}},"14":{"start":{"line":28,"column":32},"end":{"line":28,"column":43}},"15":{"start":{"line":32,"column":31},"end":{"line":34,"column":5}},"16":{"start":{"line":36,"column":4},"end":{"line":64,"column":6}},"17":{"start":{"line":67,"column":0},"end":{"line":67,"column":26}}},"fnMap":{"0":{"name":"(anonymous_0)","decl":{"start":{"line":13,"column":29},"end":{"line":13,"column":null}},"loc":{"start":{"line":13,"column":29},"end":{"line":65,"column":1}}},"1":{"name":"(anonymous_1)","decl":{"start":{"line":27,"column":28},"end":{"line":27,"column":null}},"loc":{"start":{"line":27,"column":28},"end":{"line":30,"column":5}}},"2":{"name":"(anonymous_2)","decl":{"start":{"line":28,"column":17},"end":{"line":28,"column":18}},"loc":{"start":{"line":28,"column":27},"end":{"line":28,"column":33}}},"3":{"name":"(anonymous_3)","decl":{"start":{"line":32,"column":31},"end":{"line":32,"column":null}},"loc":{"start":{"line":32,"column":31},"end":{"line":34,"column":5}}}},"branchMap":{"0":{"loc":{"start":{"line":54,"column":58},"end":{"line":54,"column":78}},"type":"cond-expr","locations":[{"start":{"line":54,"column":66},"end":{"line":54,"column":73}},{"start":{"line":54,"column":76},"end":{"line":54,"column":78}}]},"1":{"loc":{"start":{"line":55,"column":41},"end":{"line":55,"column":66}},"type":"cond-expr","locations":[{"start":{"line":55,"column":49},"end":{"line":55,"column":57}},{"start":{"line":55,"column":60},"end":{"line":55,"column":66}}]}},"s":{"0":2,"1":2,"2":2,"3":2,"4":7,"5":7,"6":7,"7":7,"8":7,"9":7,"10":7,"11":7,"12":7,"13":2,"14":2,"15":7,"16":7,"17":2},"f":{"0":7,"1":2,"2":2,"3":1},"b":{"0":[1,6],"1":[1,6]}}
,"C:\\Users\\mouni\\OneDrive\\Documents\\GitHub\\SOEN390-MiniCap\\frontend\\src\\Components\\UserProfile\\UserRequests.tsx": {"path":"C:\\Users\\mouni\\OneDrive\\Documents\\GitHub\\SOEN390-MiniCap\\frontend\\src\\Components\\UserProfile\\UserRequests.tsx","statementMap":{"0":{"start":{"line":1,"column":0},"end":{"line":1,"column":40}},"1":{"start":{"line":2,"column":0},"end":{"line":2,"column":60}},"2":{"start":{"line":9,"column":27},"end":{"line":24,"column":1}},"3":{"start":{"line":11,"column":36},"end":{"line":13,"column":6}},"4":{"start":{"line":15,"column":34},"end":{"line":15,"column":67}},"5":{"start":{"line":15,"column":18},"end":{"line":15,"column":20}},"6":{"start":{"line":15,"column":30},"end":{"line":15,"column":34}},"7":{"start":{"line":17,"column":4},"end":{"line":23,"column":6}},"8":{"start":{"line":26,"column":0},"end":{"line":26,"column":24}}},"fnMap":{"0":{"name":"(anonymous_0)","decl":{"start":{"line":9,"column":27},"end":{"line":9,"column":null}},"loc":{"start":{"line":9,"column":27},"end":{"line":24,"column":1}}}},"branchMap":{},"s":{"0":2,"1":2,"2":2,"3":2,"4":2,"5":2,"6":2,"7":2,"8":2},"f":{"0":2},"b":{}}
,"C:\\Users\\mouni\\OneDrive\\Documents\\GitHub\\SOEN390-MiniCap\\frontend\\src\\Pages\\CondoProfileLandingPage.tsx": {"path":"C:\\Users\\mouni\\OneDrive\\Documents\\GitHub\\SOEN390-MiniCap\\frontend\\src\\Pages\\CondoProfileLandingPage.tsx","statementMap":{"0":{"start":{"line":2,"column":0},"end":{"line":2,"column":40}},"1":{"start":{"line":3,"column":0},"end":{"line":3,"column":69}},"2":{"start":{"line":4,"column":0},"end":{"line":4,"column":68}},"3":{"start":{"line":7,"column":25},"end":{"line":15,"column":2}},"4":{"start":{"line":18,"column":30},"end":{"line":34,"column":1}},"5":{"start":{"line":20,"column":36},"end":{"line":20,"column":62}},"6":{"start":{"line":20,"column":18},"end":{"line":20,"column":20}},"7":{"start":{"line":20,"column":32},"end":{"line":20,"column":36}},"8":{"start":{"line":23,"column":30},"end":{"line":26,"column":3}},"9":{"start":{"line":24,"column":4},"end":{"line":24,"column":30}},"10":{"start":{"line":29,"column":2},"end":{"line":33,"column":4}},"11":{"start":{"line":36,"column":0},"end":{"line":36,"column":27}}},"fnMap":{"0":{"name":"(anonymous_1)","decl":{"start":{"line":18,"column":30},"end":{"line":18,"column":null}},"loc":{"start":{"line":18,"column":30},"end":{"line":34,"column":1}}},"1":{"name":"(anonymous_2)","decl":{"start":{"line":23,"column":30},"end":{"line":23,"column":31}},"loc":{"start":{"line":23,"column":67},"end":{"line":26,"column":3}}}},"branchMap":{},"s":{"0":1,"1":1,"2":1,"3":1,"4":1,"5":4,"6":3,"7":3,"8":3,"9":1,"10":3,"11":1},"f":{"0":4,"1":1},"b":{}}
,"C:\\Users\\mouni\\OneDrive\\Documents\\GitHub\\SOEN390-MiniCap\\frontend\\src\\Pages\\EmployeeRegistrationLandingPage.tsx": {"path":"C:\\Users\\mouni\\OneDrive\\Documents\\GitHub\\SOEN390-MiniCap\\frontend\\src\\Pages\\EmployeeRegistrationLandingPage.tsx","statementMap":{"0":{"start":{"line":2,"column":0},"end":{"line":2,"column":85}},"1":{"start":{"line":3,"column":40},"end":{"line":9,"column":1}},"2":{"start":{"line":4,"column":2},"end":{"line":8,"column":4}},"3":{"start":{"line":11,"column":0},"end":{"line":11,"column":47}}},"fnMap":{"0":{"name":"(anonymous_1)","decl":{"start":{"line":3,"column":40},"end":{"line":3,"column":null}},"loc":{"start":{"line":3,"column":40},"end":{"line":9,"column":1}}}},"branchMap":{},"s":{"0":2,"1":2,"2":1,"3":2},"f":{"0":1},"b":{}}
,"C:\\Users\\mouni\\OneDrive\\Documents\\GitHub\\SOEN390-MiniCap\\frontend\\src\\Pages\\Hero.tsx": {"path":"C:\\Users\\mouni\\OneDrive\\Documents\\GitHub\\SOEN390-MiniCap\\frontend\\src\\Pages\\Hero.tsx","statementMap":{"0":{"start":{"line":1,"column":0},"end":{"line":1,"column":49}},"1":{"start":{"line":3,"column":13},"end":{"line":27,"column":1}},"2":{"start":{"line":4,"column":2},"end":{"line":26,"column":4}},"3":{"start":{"line":29,"column":0},"end":{"line":29,"column":20}}},"fnMap":{"0":{"name":"(anonymous_0)","decl":{"start":{"line":3,"column":13},"end":{"line":3,"column":null}},"loc":{"start":{"line":3,"column":13},"end":{"line":27,"column":1}}}},"branchMap":{},"s":{"0":2,"1":2,"2":3,"3":2},"f":{"0":3},"b":{}}
,"C:\\Users\\mouni\\OneDrive\\Documents\\GitHub\\SOEN390-MiniCap\\frontend\\src\\Pages\\LogInLandingPage.tsx": {"path":"C:\\Users\\mouni\\OneDrive\\Documents\\GitHub\\SOEN390-MiniCap\\frontend\\src\\Pages\\LogInLandingPage.tsx","statementMap":{"0":{"start":{"line":2,"column":0},"end":{"line":2,"column":76}},"1":{"start":{"line":3,"column":0},"end":{"line":3,"column":55}},"2":{"start":{"line":5,"column":25},"end":{"line":23,"column":1}},"3":{"start":{"line":6,"column":2},"end":{"line":22,"column":4}},"4":{"start":{"line":25,"column":0},"end":{"line":25,"column":32}}},"fnMap":{"0":{"name":"(anonymous_1)","decl":{"start":{"line":5,"column":25},"end":{"line":5,"column":null}},"loc":{"start":{"line":5,"column":25},"end":{"line":23,"column":1}}}},"branchMap":{},"s":{"0":1,"1":1,"2":1,"3":3,"4":1},"f":{"0":3},"b":{}}
,"C:\\Users\\mouni\\OneDrive\\Documents\\GitHub\\SOEN390-MiniCap\\frontend\\src\\Pages\\RegistrationLandingPage.tsx": {"path":"C:\\Users\\mouni\\OneDrive\\Documents\\GitHub\\SOEN390-MiniCap\\frontend\\src\\Pages\\RegistrationLandingPage.tsx","statementMap":{"0":{"start":{"line":2,"column":0},"end":{"line":2,"column":57}},"1":{"start":{"line":3,"column":0},"end":{"line":3,"column":76}},"2":{"start":{"line":5,"column":32},"end":{"line":26,"column":1}},"3":{"start":{"line":6,"column":2},"end":{"line":25,"column":4}},"4":{"start":{"line":28,"column":0},"end":{"line":28,"column":39}}},"fnMap":{"0":{"name":"(anonymous_1)","decl":{"start":{"line":5,"column":32},"end":{"line":5,"column":null}},"loc":{"start":{"line":5,"column":32},"end":{"line":26,"column":1}}}},"branchMap":{},"s":{"0":1,"1":1,"2":1,"3":2,"4":1},"f":{"0":2},"b":{}}
,"C:\\Users\\mouni\\OneDrive\\Documents\\GitHub\\SOEN390-MiniCap\\frontend\\src\\Pages\\UserProfileLandingPage.tsx": {"path":"C:\\Users\\mouni\\OneDrive\\Documents\\GitHub\\SOEN390-MiniCap\\frontend\\src\\Pages\\UserProfileLandingPage.tsx","statementMap":{"0":{"start":{"line":2,"column":0},"end":{"line":2,"column":44}},"1":{"start":{"line":3,"column":0},"end":{"line":3,"column":60}},"2":{"start":{"line":4,"column":0},"end":{"line":4,"column":72}},"3":{"start":{"line":5,"column":0},"end":{"line":5,"column":66}},"4":{"start":{"line":6,"column":0},"end":{"line":6,"column":62}},"5":{"start":{"line":8,"column":31},"end":{"line":38,"column":1}},"6":{"start":{"line":10,"column":25},"end":{"line":10,"column":57}},"7":{"start":{"line":12,"column":2},"end":{"line":15,"column":3}},"8":{"start":{"line":14,"column":4},"end":{"line":14,"column":36}},"9":{"start":{"line":18,"column":19},"end":{"line":18,"column":45}},"10":{"start":{"line":20,"column":2},"end":{"line":37,"column":4}},"11":{"start":{"line":40,"column":0},"end":{"line":40,"column":38}}},"fnMap":{"0":{"name":"(anonymous_1)","decl":{"start":{"line":8,"column":31},"end":{"line":8,"column":null}},"loc":{"start":{"line":8,"column":31},"end":{"line":38,"column":1}}}},"branchMap":{"0":{"loc":{"start":{"line":12,"column":2},"end":{"line":15,"column":3}},"type":"if","locations":[{"start":{"line":12,"column":2},"end":{"line":15,"column":3}}]}},"s":{"0":1,"1":1,"2":1,"3":1,"4":1,"5":1,"6":1,"7":1,"8":1,"9":0,"10":0,"11":1},"f":{"0":1},"b":{"0":[1]}}
}
