TN:
SF:src\App.tsx
FN:14,App
FNF:1
FNH:1
FNDA:5,App
DA:2,1
DA:3,1
DA:4,1
DA:5,1
DA:6,1
DA:7,1
DA:8,1
DA:9,1
DA:10,1
DA:11,1
DA:12,1
DA:15,5
DA:60,1
LF:13
LH:13
BRF:0
BRH:0
end_of_record
TN:
SF:src\api.ts
FN:7,(anonymous_14)
FN:13,(anonymous_17)
FN:20,(anonymous_20)
FNF:3
FNH:2
FNDA:7,(anonymous_14)
FNDA:2,(anonymous_17)
FNDA:0,(anonymous_20)
DA:1,2
DA:2,2
DA:5,2
DA:8,7
DA:11,7
DA:14,4
DA:21,0
DA:29,2
LF:8
LH:7
BRDA:8,0,0,7
BRDA:14,1,0,2
BRDA:21,2,0,0
BRF:3
BRH:2
end_of_record
TN:
SF:src\urls.ts
FNF:0
FNH:0
DA:1,2
DA:2,2
DA:10,2
LF:3
LH:3
BRF:0
BRH:0
end_of_record
TN:
SF:src\Components\NavBar.tsx
FN:9,(anonymous_3)
FN:12,(anonymous_4)
FN:17,(anonymous_5)
FN:22,(anonymous_6)
FN:27,(anonymous_7)
FNF:5
FNH:4
FNDA:20,(anonymous_3)
FNDA:0,(anonymous_4)
FNDA:3,(anonymous_5)
FNDA:1,(anonymous_6)
FNDA:1,(anonymous_7)
DA:1,2
DA:2,2
DA:3,2
DA:4,2
DA:5,2
DA:6,2
DA:7,2
DA:9,2
DA:10,20
DA:11,20
DA:12,20
DA:13,20
DA:14,20
DA:15,20
DA:17,20
DA:19,3
DA:22,20
DA:24,1
DA:27,20
DA:29,1
DA:30,1
DA:31,1
DA:34,20
DA:92,2
LF:24
LH:24
BRDA:15,0,0,20
BRDA:15,0,1,10
BRDA:44,1,0,0
BRDA:44,1,1,20
BRDA:49,2,0,10
BRDA:49,2,1,10
BRDA:54,3,0,10
BRDA:54,3,1,9
BRDA:76,4,0,0
BRDA:76,4,1,20
BRDA:82,5,0,20
BRDA:82,5,1,3
BRF:12
BRH:10
end_of_record
TN:
SF:src\Components\Authentication\EmployeeRegistration.tsx
FN:11,(anonymous_16)
FN:19,(anonymous_17)
FN:19,(anonymous_18)
FN:43,(anonymous_20)
FNF:4
FNH:4
FNDA:44,(anonymous_16)
FNDA:4,(anonymous_17)
FNDA:4,(anonymous_18)
FNDA:4,(anonymous_20)
DA:3,2
DA:4,2
DA:5,2
DA:6,2
DA:7,2
DA:8,2
DA:9,2
DA:10,2
DA:11,2
DA:12,44
DA:13,44
DA:14,44
DA:16,44
DA:19,4
DA:20,4
DA:21,4
DA:23,4
DA:25,4
DA:26,3
DA:27,3
DA:29,1
DA:30,1
DA:31,1
DA:38,4
DA:43,44
DA:44,4
DA:47,44
DA:227,2
LF:28
LH:28
BRDA:30,0,0,1
BRDA:30,0,1,0
BRDA:30,1,0,1
BRDA:30,1,1,1
BRDA:66,2,0,0
BRDA:66,2,1,44
BRDA:66,3,0,44
BRDA:66,3,1,8
BRDA:81,4,0,44
BRDA:81,4,1,8
BRDA:81,4,2,0
BRDA:88,5,0,0
BRDA:88,5,1,44
BRDA:88,6,0,44
BRDA:88,6,1,8
BRDA:103,7,0,44
BRDA:103,7,1,8
BRDA:103,7,2,0
BRDA:109,8,0,0
BRDA:109,8,1,44
BRDA:109,9,0,44
BRDA:109,9,1,8
BRDA:124,10,0,44
BRDA:124,10,1,8
BRDA:124,10,2,0
BRDA:130,11,0,0
BRDA:130,11,1,44
BRDA:130,12,0,44
BRDA:130,12,1,8
BRDA:145,13,0,44
BRDA:145,13,1,8
BRDA:145,13,2,0
BRDA:151,14,0,0
BRDA:151,14,1,44
BRDA:151,15,0,44
BRDA:151,15,1,8
BRDA:166,16,0,44
BRDA:166,16,1,8
BRDA:166,16,2,0
BRDA:172,17,0,0
BRDA:172,17,1,44
BRDA:172,18,0,44
BRDA:172,18,1,8
BRDA:187,19,0,44
BRDA:187,19,1,8
BRDA:187,19,2,0
BRDA:193,20,0,0
BRDA:193,20,1,44
BRDA:193,21,0,44
BRDA:193,21,1,8
BRDA:208,22,0,44
BRDA:208,22,1,8
BRDA:208,22,2,0
BRDA:212,23,0,44
BRDA:212,23,1,0
BRDA:213,24,0,3
BRDA:213,24,1,41
BRF:57
BRH:41
end_of_record
TN:
SF:src\Components\Authentication\LogIn.tsx
FN:17,(anonymous_16)
FN:27,(anonymous_17)
FN:27,(anonymous_18)
FNF:3
FNH:3
FNDA:24,(anonymous_16)
FNDA:2,(anonymous_17)
FNDA:2,(anonymous_18)
DA:2,2
DA:3,2
DA:5,2
DA:6,2
DA:7,2
DA:8,2
DA:9,2
DA:10,2
DA:17,2
DA:18,24
DA:21,23
DA:22,23
DA:24,23
DA:27,2
DA:29,2
DA:30,2
DA:39,1
DA:44,1
DA:45,1
DA:46,1
DA:49,1
DA:50,1
DA:51,1
DA:56,2
DA:61,23
DA:133,2
LF:26
LH:26
BRDA:50,0,0,1
BRDA:50,0,1,0
BRDA:50,1,0,1
BRDA:50,1,1,1
BRDA:69,2,0,1
BRDA:69,2,1,22
BRDA:69,3,0,23
BRDA:69,3,1,5
BRDA:85,4,0,1
BRDA:85,4,1,22
BRDA:85,5,0,23
BRDA:85,5,1,5
BRDA:93,6,0,1
BRDA:93,6,1,22
BRDA:93,7,0,23
BRDA:93,7,1,5
BRDA:109,8,0,1
BRDA:109,8,1,22
BRDA:109,9,0,23
BRDA:109,9,1,5
BRDA:115,10,0,23
BRDA:115,10,1,0
BRDA:117,11,0,23
BRDA:117,11,1,1
BRF:24
BRH:22
end_of_record
TN:
SF:src\Components\Authentication\LogOut.tsx
FN:9,(anonymous_2)
FNF:1
FNH:1
FNDA:5,(anonymous_2)
DA:2,3
DA:9,3
DA:10,5
DA:11,5
DA:13,5
DA:27,3
LF:6
LH:6
BRF:0
BRH:0
end_of_record
TN:
SF:src\Components\Authentication\SignUp.tsx
FN:23,(anonymous_16)
FN:34,(anonymous_17)
FN:34,(anonymous_18)
FN:102,(anonymous_20)
FNF:4
FNH:4
FNDA:34,(anonymous_16)
FNDA:2,(anonymous_17)
FNDA:2,(anonymous_18)
FNDA:2,(anonymous_20)
DA:1,2
DA:2,2
DA:4,2
DA:5,2
DA:6,2
DA:7,2
DA:8,2
DA:9,2
DA:10,2
DA:23,2
DA:24,34
DA:25,33
DA:28,33
DA:29,33
DA:31,33
DA:34,2
DA:36,2
DA:39,2
DA:57,2
DA:60,2
DA:62,2
DA:67,2
DA:69,2
DA:71,0
DA:72,0
DA:74,2
DA:75,2
DA:76,2
DA:77,0
DA:78,0
DA:81,0
DA:82,0
DA:88,2
DA:92,33
DA:103,2
DA:296,2
LF:36
LH:30
BRDA:57,0,0,1
BRDA:57,0,1,1
BRDA:63,1,0,1
BRDA:63,1,1,1
BRDA:76,2,0,0
BRDA:76,3,0,2
BRDA:76,3,1,0
BRDA:77,4,0,0
BRDA:77,4,1,0
BRDA:81,5,0,0
BRDA:110,6,0,33
BRDA:110,6,1,9
BRDA:114,7,0,0
BRDA:114,7,1,9
BRDA:114,8,0,9
BRDA:114,8,1,1
BRDA:130,9,0,0
BRDA:130,9,1,9
BRDA:130,10,0,9
BRDA:130,10,1,1
BRDA:139,11,0,3
BRDA:139,11,1,30
BRDA:139,12,0,33
BRDA:139,12,1,9
BRDA:155,13,0,3
BRDA:155,13,1,30
BRDA:155,14,0,33
BRDA:155,14,1,9
BRDA:163,15,0,3
BRDA:163,15,1,30
BRDA:163,16,0,33
BRDA:163,16,1,9
BRDA:179,17,0,3
BRDA:179,17,1,30
BRDA:179,18,0,33
BRDA:179,18,1,9
BRDA:186,19,0,3
BRDA:186,19,1,30
BRDA:186,20,0,33
BRDA:186,20,1,9
BRDA:202,21,0,3
BRDA:202,21,1,30
BRDA:202,22,0,33
BRDA:202,22,1,9
BRDA:209,23,0,3
BRDA:209,23,1,30
BRDA:209,24,0,33
BRDA:209,24,1,9
BRDA:225,25,0,3
BRDA:225,25,1,30
BRDA:225,26,0,33
BRDA:225,26,1,9
BRDA:233,27,0,3
BRDA:233,27,1,30
BRDA:233,28,0,33
BRDA:233,28,1,9
BRDA:249,29,0,3
BRDA:249,29,1,30
BRDA:249,30,0,33
BRDA:249,30,1,9
BRDA:257,31,0,3
BRDA:257,31,1,30
BRDA:257,32,0,33
BRDA:257,32,1,9
BRDA:273,33,0,3
BRDA:273,33,1,30
BRDA:273,34,0,33
BRDA:273,34,1,9
BRDA:279,35,0,33
BRDA:279,35,1,0
BRDA:280,36,0,33
BRDA:280,36,1,1
BRF:72
BRH:64
end_of_record
TN:
SF:src\Components\Common\AuthUtil.tsx
FN:1,(anonymous_0)
FNF:1
FNH:1
FNDA:12,(anonymous_0)
DA:1,2
DA:2,12
DA:3,12
DA:4,2
DA:6,2
DA:8,10
LF:6
LH:6
BRDA:3,0,0,2
BRF:1
BRH:1
end_of_record
TN:
SF:src\Components\Common\InitialValues.ts
FNF:0
FNH:0
DA:1,4
DA:11,4
LF:2
LH:2
BRF:0
BRH:0
end_of_record
TN:
SF:src\Components\Common\LoadingScreen.tsx
FN:4,(anonymous_2)
FNF:1
FNH:1
FNDA:1,(anonymous_2)
DA:2,5
DA:3,5
DA:4,5
DA:5,1
DA:12,5
LF:5
LH:5
BRF:0
BRH:0
end_of_record
TN:
SF:src\Components\Common\ValidationSchema.ts
FNF:0
FNH:0
DA:1,4
DA:3,4
DA:26,4
LF:3
LH:3
BRF:0
BRH:0
end_of_record
TN:
SF:src\Components\CompanyDashboard\IconCard.tsx
FN:11,(anonymous_2)
FNF:1
FNH:1
FNDA:37,(anonymous_2)
DA:2,3
DA:3,3
DA:11,37
DA:12,37
DA:22,3
LF:5
LH:5
BRF:0
BRH:0
end_of_record
TN:
SF:src\Components\CondoProfile\CondoInfoField.tsx
FN:12,(anonymous_2)
FNF:1
FNH:1
FNDA:191,(anonymous_2)
DA:2,4
DA:12,4
DA:13,191
DA:14,191
DA:15,191
DA:16,191
DA:17,191
DA:19,191
DA:38,4
LF:9
LH:9
BRDA:22,0,0,155
BRDA:22,0,1,36
BRF:2
BRH:2
end_of_record
TN:
SF:src\Components\CondoProfile\CondoInfoForm.tsx
FN:22,(anonymous_3)
FN:26,(anonymous_4)
FN:31,(anonymous_5)
FN:37,(anonymous_6)
FN:41,(anonymous_7)
FN:50,(anonymous_8)
FNF:6
FNH:5
FNDA:29,(anonymous_3)
FNDA:20,(anonymous_4)
FNDA:2,(anonymous_5)
FNDA:2,(anonymous_6)
FNDA:0,(anonymous_7)
FNDA:189,(anonymous_8)
DA:2,3
DA:3,3
DA:4,3
DA:22,29
DA:23,27
DA:24,27
DA:26,27
DA:27,20
DA:28,20
DA:31,27
DA:32,2
DA:33,2
DA:34,2
DA:37,27
DA:38,2
DA:39,2
DA:41,27
DA:42,0
DA:43,0
DA:46,27
DA:50,189
DA:88,3
LF:22
LH:20
BRDA:49,0,0,22
BRDA:49,0,1,5
BRDA:64,1,0,22
BRDA:64,1,1,5
BRF:4
BRH:4
end_of_record
TN:
SF:src\Components\Property\Property.tsx
FN:12,(anonymous_2)
FNF:1
FNH:1
FNDA:60,(anonymous_2)
DA:2,3
DA:12,60
DA:13,60
DA:29,3
LF:4
LH:4
BRF:0
BRH:0
end_of_record
TN:
SF:src\Components\UserProfile\UserInformation.tsx
FN:22,(anonymous_16)
FN:33,(anonymous_17)
FN:40,(anonymous_18)
FN:40,(anonymous_19)
FN:51,(anonymous_21)
FN:56,(anonymous_22)
FN:79,(anonymous_25)
FN:85,(anonymous_26)
FN:86,(anonymous_27)
FN:92,(anonymous_28)
FN:97,(anonymous_29)
FN:151,(anonymous_30)
FN:168,(anonymous_31)
FN:185,(anonymous_32)
FN:202,(anonymous_33)
FN:219,(anonymous_34)
FN:236,(anonymous_35)
FN:258,(anonymous_36)
FNF:18
FNH:10
FNDA:23,(anonymous_16)
FNDA:7,(anonymous_17)
FNDA:7,(anonymous_18)
FNDA:7,(anonymous_19)
FNDA:0,(anonymous_21)
FNDA:4,(anonymous_22)
FNDA:1,(anonymous_25)
FNDA:3,(anonymous_26)
FNDA:3,(anonymous_27)
FNDA:0,(anonymous_28)
FNDA:0,(anonymous_29)
FNDA:3,(anonymous_30)
FNDA:0,(anonymous_31)
FNDA:0,(anonymous_32)
FNDA:0,(anonymous_33)
FNDA:0,(anonymous_34)
FNDA:0,(anonymous_35)
FNDA:5,(anonymous_36)
DA:1,2
DA:2,2
DA:3,2
DA:5,2
DA:22,23
DA:23,23
DA:25,23
DA:26,23
DA:27,23
DA:28,23
DA:29,23
DA:33,23
DA:34,7
DA:36,7
DA:40,23
DA:42,7
DA:43,7
DA:44,0
DA:47,4
DA:51,23
DA:52,0
DA:53,0
DA:56,25
DA:58,4
DA:60,2
DA:61,2
DA:62,4
DA:63,0
DA:64,0
DA:65,0
DA:70,2
DA:72,0
DA:73,0
DA:75,2
DA:79,23
DA:80,1
DA:81,1
DA:82,1
DA:85,23
DA:86,3
DA:92,23
DA:95,0
DA:96,0
DA:97,0
DA:103,0
DA:104,0
DA:108,23
DA:151,3
DA:168,0
DA:185,0
DA:202,0
DA:219,0
DA:236,0
DA:258,5
DA:267,2
LF:55
LH:37
BRDA:43,0,0,0
BRDA:43,1,0,7
BRDA:43,1,1,3
BRDA:53,2,0,0
BRDA:53,2,1,0
BRDA:53,3,0,0
BRDA:53,3,1,0
BRDA:62,4,0,2
BRDA:95,5,0,0
BRDA:95,5,1,0
BRDA:95,6,0,0
BRDA:95,6,1,0
BRDA:96,7,0,0
BRDA:110,8,0,13
BRDA:110,8,1,10
BRDA:112,9,0,23
BRDA:112,9,1,2
BRDA:115,10,0,23
BRDA:115,10,1,0
BRDA:120,11,0,23
BRDA:120,11,1,23
BRDA:123,12,0,23
BRDA:123,12,1,13
BRDA:145,13,0,13
BRDA:145,13,1,10
BRDA:162,14,0,13
BRDA:162,14,1,10
BRDA:179,15,0,13
BRDA:179,15,1,10
BRDA:196,16,0,13
BRDA:196,16,1,10
BRDA:213,17,0,13
BRDA:213,17,1,10
BRDA:230,18,0,13
BRDA:230,18,1,10
BRDA:243,19,0,13
BRDA:243,19,1,10
BRF:37
BRH:26
end_of_record
TN:
SF:src\Components\UserProfile\UserProperties.tsx
FN:13,(anonymous_2)
FN:27,(anonymous_3)
FN:28,(anonymous_4)
FN:32,(anonymous_5)
FNF:4
FNH:4
FNDA:7,(anonymous_2)
FNDA:2,(anonymous_3)
FNDA:2,(anonymous_4)
FNDA:1,(anonymous_5)
DA:1,2
DA:2,2
DA:3,2
DA:13,2
DA:14,7
DA:16,7
DA:24,7
DA:25,7
DA:27,7
DA:28,2
DA:32,7
DA:36,7
DA:67,2
LF:13
LH:13
BRDA:54,0,0,1
BRDA:54,0,1,6
BRDA:55,1,0,1
BRDA:55,1,1,6
BRF:4
BRH:4
end_of_record
TN:
SF:src\Components\UserProfile\UserRequests.tsx
FN:9,(anonymous_2)
FNF:1
FNH:1
FNDA:2,(anonymous_2)
DA:1,2
DA:2,2
DA:9,2
DA:11,2
DA:15,2
DA:17,2
DA:26,2
LF:7
LH:7
BRF:0
BRH:0
end_of_record
TN:
SF:src\Pages\CompanyDashboardLandingPage.tsx
FN:5,(anonymous_3)
FNF:1
FNH:1
FNDA:6,(anonymous_3)
DA:2,2
DA:3,2
DA:5,2
DA:6,6
DA:7,6
DA:8,6
DA:9,6
DA:10,6
DA:11,6
DA:13,6
DA:35,2
LF:11
LH:11
BRF:0
BRH:0
end_of_record
TN:
SF:src\Pages\CondoProfileLandingPage.tsx
FN:16,(anonymous_3)
FN:19,(anonymous_4)
FNF:2
FNH:2
FNDA:4,(anonymous_3)
FNDA:1,(anonymous_4)
DA:2,2
DA:3,2
DA:4,2
DA:6,2
DA:16,2
DA:17,4
DA:19,3
DA:20,1
DA:24,3
DA:31,2
LF:10
LH:10
BRF:0
BRH:0
end_of_record
TN:
SF:src\Pages\EmployeeRegistrationLandingPage.tsx
FN:3,(anonymous_1)
FNF:1
FNH:1
FNDA:1,(anonymous_1)
DA:2,2
DA:3,2
DA:4,1
DA:11,2
LF:4
LH:4
BRF:0
BRH:0
end_of_record
TN:
SF:src\Pages\Hero.tsx
FN:3,(anonymous_2)
FNF:1
FNH:1
FNDA:3,(anonymous_2)
DA:1,2
DA:3,2
DA:4,3
DA:29,2
LF:4
LH:4
BRF:0
BRH:0
end_of_record
TN:
SF:src\Pages\LogInLandingPage.tsx
FN:5,(anonymous_3)
FNF:1
FNH:1
FNDA:3,(anonymous_3)
DA:2,1
DA:3,1
DA:5,1
DA:6,3
DA:25,1
LF:5
LH:5
BRF:0
BRH:0
end_of_record
TN:
SF:src\Pages\PropertyListLandingPage.tsx
FN:9,(anonymous_3)
FN:12,(anonymous_4)
FN:14,(anonymous_5)
FN:16,(anonymous_6)
FN:26,(anonymous_7)
FN:36,(anonymous_8)
FN:44,(anonymous_9)
FNF:7
FNH:7
FNDA:20,(anonymous_3)
FNDA:8,(anonymous_4)
FNDA:1,(anonymous_5)
FNDA:7,(anonymous_6)
FNDA:59,(anonymous_7)
FNDA:1,(anonymous_8)
FNDA:7,(anonymous_9)
DA:2,2
DA:3,2
DA:4,2
DA:5,2
DA:6,2
DA:7,2
DA:9,2
DA:10,20
DA:12,20
DA:13,8
DA:14,1
DA:16,7
DA:17,7
DA:22,20
DA:26,59
DA:36,1
DA:44,7
DA:57,2
LF:18
LH:18
BRDA:13,0,0,1
BRDA:13,0,1,7
BRDA:14,1,0,1
BRDA:14,1,1,0
BRDA:17,2,0,7
BRDA:17,2,1,0
BRF:6
BRH:4
end_of_record
TN:
SF:src\Pages\RegistrationLandingPage.tsx
FN:5,(anonymous_3)
FNF:1
FNH:1
FNDA:2,(anonymous_3)
DA:2,1
DA:3,1
DA:5,1
DA:6,2
DA:28,1
LF:5
LH:5
BRF:0
BRH:0
end_of_record
TN:
SF:src\Pages\UserProfileLandingPage.tsx
FN:8,(anonymous_3)
FNF:1
FNH:1
FNDA:1,(anonymous_3)
DA:2,1
DA:3,1
DA:4,1
DA:5,1
DA:6,1
DA:8,1
DA:10,1
DA:12,1
DA:14,1
DA:18,0
DA:20,0
DA:40,1
LF:12
LH:10
BRDA:12,0,0,1
BRF:1
BRH:1
end_of_record
